[0.510s] Invoking command in '/home/hachiya/ros2_ws/src/mypkg': PYTHONPATH=/home/hachiya/ros2_ws/build/mypkg/prefix_override:/home/hachiya/ros2_ws/install/mypkg/lib/python3.8/site-packages:${PYTHONPATH} /usr/bin/python3 setup.py egg_info --egg-base ../../build/mypkg build --build-base /home/hachiya/ros2_ws/build/mypkg/build install --record /home/hachiya/ros2_ws/build/mypkg/install.log --install-scripts $base/lib/mypkg --single-version-externally-managed
[0.637s] running egg_info
[0.637s] writing ../../build/mypkg/mypkg.egg-info/PKG-INFO
[0.637s] writing dependency_links to ../../build/mypkg/mypkg.egg-info/dependency_links.txt
[0.637s] writing entry points to ../../build/mypkg/mypkg.egg-info/entry_points.txt
[0.639s] writing requirements to ../../build/mypkg/mypkg.egg-info/requires.txt
[0.639s] writing top-level names to ../../build/mypkg/mypkg.egg-info/top_level.txt
[0.659s] reading manifest file '../../build/mypkg/mypkg.egg-info/SOURCES.txt'
[0.659s] writing manifest file '../../build/mypkg/mypkg.egg-info/SOURCES.txt'
[0.659s] running build
[0.659s] running build_py
[0.659s] running install
[0.660s] running install_lib
[0.661s] running install_data
[0.661s] running install_egg_info
[0.662s] removing '/home/hachiya/ros2_ws/install/mypkg/lib/python3.8/site-packages/mypkg-0.0.0-py3.8.egg-info' (and everything under it)
[0.662s] Copying ../../build/mypkg/mypkg.egg-info to /home/hachiya/ros2_ws/install/mypkg/lib/python3.8/site-packages/mypkg-0.0.0-py3.8.egg-info
[0.663s] running install_scripts
[0.673s] writing list of installed files to '/home/hachiya/ros2_ws/build/mypkg/install.log'
[0.685s] Invoked command in '/home/hachiya/ros2_ws/src/mypkg' returned '0': PYTHONPATH=/home/hachiya/ros2_ws/build/mypkg/prefix_override:/home/hachiya/ros2_ws/install/mypkg/lib/python3.8/site-packages:${PYTHONPATH} /usr/bin/python3 setup.py egg_info --egg-base ../../build/mypkg build --build-base /home/hachiya/ros2_ws/build/mypkg/build install --record /home/hachiya/ros2_ws/build/mypkg/install.log --install-scripts $base/lib/mypkg --single-version-externally-managed
