[0.656s] Invoking command in '/home/hachiya/ros2_ws/src/mypkg': PYTHONPATH=/home/hachiya/ros2_ws/build/mypkg/prefix_override:/home/hachiya/ros2_ws/install/mypkg/lib/python3.8/site-packages:${PYTHONPATH} /usr/bin/python3 setup.py egg_info --egg-base ../../build/mypkg build --build-base /home/hachiya/ros2_ws/build/mypkg/build install --record /home/hachiya/ros2_ws/build/mypkg/install.log --install-scripts $base/lib/mypkg --single-version-externally-managed
[0.789s] running egg_info
[0.789s] writing ../../build/mypkg/mypkg.egg-info/PKG-INFO
[0.789s] writing dependency_links to ../../build/mypkg/mypkg.egg-info/dependency_links.txt
[0.789s] writing entry points to ../../build/mypkg/mypkg.egg-info/entry_points.txt
[0.789s] writing requirements to ../../build/mypkg/mypkg.egg-info/requires.txt
[0.789s] writing top-level names to ../../build/mypkg/mypkg.egg-info/top_level.txt
[0.810s] reading manifest file '../../build/mypkg/mypkg.egg-info/SOURCES.txt'
[0.810s] writing manifest file '../../build/mypkg/mypkg.egg-info/SOURCES.txt'
[0.810s] running build
[0.810s] running build_py
[0.810s] copying mypkg/talker.py -> /home/hachiya/ros2_ws/build/mypkg/build/lib/mypkg
[0.810s] running install
[0.811s] running install_lib
[0.811s] copying /home/hachiya/ros2_ws/build/mypkg/build/lib/mypkg/talker.py -> /home/hachiya/ros2_ws/install/mypkg/lib/python3.8/site-packages/mypkg
[0.812s] byte-compiling /home/hachiya/ros2_ws/install/mypkg/lib/python3.8/site-packages/mypkg/talker.py to talker.cpython-38.pyc
[0.812s] running install_data
[0.813s] copying package.xml -> /home/hachiya/ros2_ws/install/mypkg/share/mypkg
[0.813s] running install_egg_info
[0.814s] removing '/home/hachiya/ros2_ws/install/mypkg/lib/python3.8/site-packages/mypkg-0.0.0-py3.8.egg-info' (and everything under it)
[0.814s] Copying ../../build/mypkg/mypkg.egg-info to /home/hachiya/ros2_ws/install/mypkg/lib/python3.8/site-packages/mypkg-0.0.0-py3.8.egg-info
[0.815s] running install_scripts
[0.825s] Installing talker script to /home/hachiya/ros2_ws/install/mypkg/lib/mypkg
[0.825s] writing list of installed files to '/home/hachiya/ros2_ws/build/mypkg/install.log'
[0.839s] Invoked command in '/home/hachiya/ros2_ws/src/mypkg' returned '0': PYTHONPATH=/home/hachiya/ros2_ws/build/mypkg/prefix_override:/home/hachiya/ros2_ws/install/mypkg/lib/python3.8/site-packages:${PYTHONPATH} /usr/bin/python3 setup.py egg_info --egg-base ../../build/mypkg build --build-base /home/hachiya/ros2_ws/build/mypkg/build install --record /home/hachiya/ros2_ws/build/mypkg/install.log --install-scripts $base/lib/mypkg --single-version-externally-managed
