[0.370s] Invoking command in '/home/hachiya/ros2_ws/build/person_msgs': CMAKE_PREFIX_PATH=${CMAKE_PREFIX_PATH}:/home/hachiya/ros2_ws/install/mypkg:/opt/ros/foxy /usr/bin/cmake --build /home/hachiya/ros2_ws/build/person_msgs -- -j8 -l8
[0.392s] -- Found ament_cmake: 0.9.12 (/opt/ros/foxy/share/ament_cmake/cmake)
[0.411s] -- Found PythonInterp: /usr/bin/python3 (found suitable version "3.8.10", minimum required is "3") 
[0.411s] -- Using PYTHON_EXECUTABLE: /usr/bin/python3
[0.549s] -- Found rosidl_default_generators: 1.0.1 (/opt/ros/foxy/share/rosidl_default_generators/cmake)
[0.552s] -- Using all available rosidl_typesupport_c: rosidl_typesupport_fastrtps_c;rosidl_typesupport_introspection_c
[0.556s] -- Found rosidl_adapter: 1.3.1 (/opt/ros/foxy/share/rosidl_adapter/cmake)
[0.672s] -- Using all available rosidl_typesupport_cpp: rosidl_typesupport_fastrtps_cpp;rosidl_typesupport_introspection_cpp
[0.708s] -- Found PythonInterp: /usr/bin/python3 (found version "3.8.10") 
[0.793s] -- Found ament_cmake_ros: 0.9.2 (/opt/ros/foxy/share/ament_cmake_ros/cmake)
[0.864s] -- Using all available rosidl_typesupport_c: rosidl_typesupport_fastrtps_c;rosidl_typesupport_introspection_c
[0.869s] -- Using all available rosidl_typesupport_cpp: rosidl_typesupport_fastrtps_cpp;rosidl_typesupport_introspection_cpp
[0.884s] -- Found PythonInterp: /usr/bin/python3 (found suitable version "3.8.10", minimum required is "3.5") 
[0.884s] -- Found python_cmake_module: 0.8.1 (/opt/ros/foxy/share/python_cmake_module/cmake)
[0.903s] -- Using PYTHON_EXECUTABLE: /usr/bin/python3
[0.903s] -- Using PYTHON_INCLUDE_DIRS: /usr/include/python3.8
[0.903s] -- Using PYTHON_LIBRARIES: /usr/lib/x86_64-linux-gnu/libpython3.8.so
[0.912s] -- Found ament_lint_auto: 0.9.8 (/opt/ros/foxy/share/ament_lint_auto/cmake)
[0.931s] -- Added test 'copyright' to check source files copyright and LICENSE
[0.933s] -- Added test 'lint_cmake' to check CMake code style
[0.934s] -- Added test 'xmllint' to check XML markup files
[0.938s] -- Configuring done
[0.964s] -- Generating done
[0.967s] -- Build files have been written to: /home/hachiya/ros2_ws/build/person_msgs
[0.992s] [  5%] Built target person_msgs__cpp
[0.992s] [ 12%] Built target person_msgs__rosidl_generator_c
[1.007s] [ 23%] Built target person_msgs__rosidl_typesupport_c
[1.007s] [ 33%] Built target person_msgs__rosidl_typesupport_cpp
[1.010s] [ 43%] Built target person_msgs__rosidl_typesupport_introspection_c
[1.010s] [ 53%] Built target person_msgs__rosidl_typesupport_introspection_cpp
[1.015s] [ 64%] Built target person_msgs__rosidl_typesupport_fastrtps_cpp
[1.031s] [ 74%] Built target person_msgs__rosidl_typesupport_fastrtps_c
[1.043s] [ 74%] Built target person_msgs
[1.056s] [ 76%] Built target person_msgs__py
[1.072s] [ 84%] Built target person_msgs__python
[1.088s] [100%] Built target person_msgs__rosidl_typesupport_c__pyext
[1.088s] [100%] Built target person_msgs__rosidl_typesupport_fastrtps_c__pyext
[1.088s] [100%] Built target person_msgs__rosidl_typesupport_introspection_c__pyext
[1.097s] Invoked command in '/home/hachiya/ros2_ws/build/person_msgs' returned '0': CMAKE_PREFIX_PATH=${CMAKE_PREFIX_PATH}:/home/hachiya/ros2_ws/install/mypkg:/opt/ros/foxy /usr/bin/cmake --build /home/hachiya/ros2_ws/build/person_msgs -- -j8 -l8
[1.140s] Invoking command in '/home/hachiya/ros2_ws/build/person_msgs': CMAKE_PREFIX_PATH=${CMAKE_PREFIX_PATH}:/home/hachiya/ros2_ws/install/mypkg:/opt/ros/foxy /usr/bin/cmake --install /home/hachiya/ros2_ws/build/person_msgs
[1.145s] -- Install configuration: ""
[1.145s] -- Up-to-date: /home/hachiya/ros2_ws/install/person_msgs/share/ament_index/resource_index/rosidl_interfaces/person_msgs
[1.145s] -- Up-to-date: /home/hachiya/ros2_ws/install/person_msgs/include/person_msgs
[1.145s] -- Up-to-date: /home/hachiya/ros2_ws/install/person_msgs/include/person_msgs/srv
[1.145s] -- Up-to-date: /home/hachiya/ros2_ws/install/person_msgs/include/person_msgs/srv/detail
[1.145s] -- Up-to-date: /home/hachiya/ros2_ws/install/person_msgs/include/person_msgs/srv/detail/query__type_support.h
[1.145s] -- Up-to-date: /home/hachiya/ros2_ws/install/person_msgs/include/person_msgs/srv/detail/query__struct.h
[1.145s] -- Up-to-date: /home/hachiya/ros2_ws/install/person_msgs/include/person_msgs/srv/detail/query__functions.h
[1.146s] -- Up-to-date: /home/hachiya/ros2_ws/install/person_msgs/include/person_msgs/srv/detail/query__functions.c
[1.146s] -- Up-to-date: /home/hachiya/ros2_ws/install/person_msgs/include/person_msgs/srv/query.h
[1.146s] -- Up-to-date: /home/hachiya/ros2_ws/install/person_msgs/include/person_msgs/msg
[1.146s] -- Up-to-date: /home/hachiya/ros2_ws/install/person_msgs/include/person_msgs/msg/detail
[1.146s] -- Up-to-date: /home/hachiya/ros2_ws/install/person_msgs/include/person_msgs/msg/detail/person__functions.h
[1.146s] -- Up-to-date: /home/hachiya/ros2_ws/install/person_msgs/include/person_msgs/msg/detail/person__functions.c
[1.146s] -- Up-to-date: /home/hachiya/ros2_ws/install/person_msgs/include/person_msgs/msg/detail/person__struct.h
[1.146s] -- Up-to-date: /home/hachiya/ros2_ws/install/person_msgs/include/person_msgs/msg/detail/person__type_support.h
[1.146s] -- Up-to-date: /home/hachiya/ros2_ws/install/person_msgs/include/person_msgs/msg/person.h
[1.146s] -- Up-to-date: /home/hachiya/ros2_ws/install/person_msgs/include/person_msgs/msg/rosidl_generator_c__visibility_control.h
[1.146s] -- Up-to-date: /home/hachiya/ros2_ws/install/person_msgs/share/person_msgs/environment/library_path.sh
[1.146s] -- Installing: /home/hachiya/ros2_ws/install/person_msgs/share/person_msgs/environment/library_path.dsv
[1.146s] -- Up-to-date: /home/hachiya/ros2_ws/install/person_msgs/lib/libperson_msgs__rosidl_generator_c.so
[1.146s] -- Up-to-date: /home/hachiya/ros2_ws/install/person_msgs/include/person_msgs
[1.146s] -- Up-to-date: /home/hachiya/ros2_ws/install/person_msgs/include/person_msgs/srv
[1.146s] -- Up-to-date: /home/hachiya/ros2_ws/install/person_msgs/include/person_msgs/srv/detail
[1.146s] -- Up-to-date: /home/hachiya/ros2_ws/install/person_msgs/include/person_msgs/srv/detail/query__rosidl_typesupport_fastrtps_c.h
[1.146s] -- Up-to-date: /home/hachiya/ros2_ws/install/person_msgs/include/person_msgs/msg
[1.146s] -- Up-to-date: /home/hachiya/ros2_ws/install/person_msgs/include/person_msgs/msg/detail
[1.146s] -- Up-to-date: /home/hachiya/ros2_ws/install/person_msgs/include/person_msgs/msg/detail/person__rosidl_typesupport_fastrtps_c.h
[1.147s] -- Up-to-date: /home/hachiya/ros2_ws/install/person_msgs/include/person_msgs/msg/rosidl_typesupport_fastrtps_c__visibility_control.h
[1.147s] -- Up-to-date: /home/hachiya/ros2_ws/install/person_msgs/lib/libperson_msgs__rosidl_typesupport_fastrtps_c.so
[1.147s] -- Up-to-date: /home/hachiya/ros2_ws/install/person_msgs/include/person_msgs
[1.147s] -- Up-to-date: /home/hachiya/ros2_ws/install/person_msgs/include/person_msgs/srv
[1.147s] -- Up-to-date: /home/hachiya/ros2_ws/install/person_msgs/include/person_msgs/srv/detail
[1.147s] -- Up-to-date: /home/hachiya/ros2_ws/install/person_msgs/include/person_msgs/srv/detail/dds_fastrtps
[1.147s] -- Up-to-date: /home/hachiya/ros2_ws/install/person_msgs/include/person_msgs/srv/detail/query__rosidl_typesupport_fastrtps_cpp.hpp
[1.147s] -- Up-to-date: /home/hachiya/ros2_ws/install/person_msgs/include/person_msgs/msg
[1.147s] -- Up-to-date: /home/hachiya/ros2_ws/install/person_msgs/include/person_msgs/msg/detail
[1.147s] -- Up-to-date: /home/hachiya/ros2_ws/install/person_msgs/include/person_msgs/msg/detail/dds_fastrtps
[1.147s] -- Up-to-date: /home/hachiya/ros2_ws/install/person_msgs/include/person_msgs/msg/detail/person__rosidl_typesupport_fastrtps_cpp.hpp
[1.147s] -- Up-to-date: /home/hachiya/ros2_ws/install/person_msgs/include/person_msgs/msg/rosidl_typesupport_fastrtps_cpp__visibility_control.h
[1.147s] -- Up-to-date: /home/hachiya/ros2_ws/install/person_msgs/lib/libperson_msgs__rosidl_typesupport_fastrtps_cpp.so
[1.147s] -- Up-to-date: /home/hachiya/ros2_ws/install/person_msgs/include/person_msgs
[1.147s] -- Up-to-date: /home/hachiya/ros2_ws/install/person_msgs/include/person_msgs/srv
[1.147s] -- Up-to-date: /home/hachiya/ros2_ws/install/person_msgs/include/person_msgs/srv/detail
[1.147s] -- Up-to-date: /home/hachiya/ros2_ws/install/person_msgs/include/person_msgs/srv/detail/query__type_support.c
[1.147s] -- Up-to-date: /home/hachiya/ros2_ws/install/person_msgs/include/person_msgs/srv/detail/query__rosidl_typesupport_introspection_c.h
[1.147s] -- Up-to-date: /home/hachiya/ros2_ws/install/person_msgs/include/person_msgs/msg
[1.147s] -- Up-to-date: /home/hachiya/ros2_ws/install/person_msgs/include/person_msgs/msg/detail
[1.147s] -- Up-to-date: /home/hachiya/ros2_ws/install/person_msgs/include/person_msgs/msg/detail/person__type_support.c
[1.147s] -- Up-to-date: /home/hachiya/ros2_ws/install/person_msgs/include/person_msgs/msg/detail/person__rosidl_typesupport_introspection_c.h
[1.148s] -- Up-to-date: /home/hachiya/ros2_ws/install/person_msgs/include/person_msgs/msg/rosidl_typesupport_introspection_c__visibility_control.h
[1.148s] -- Up-to-date: /home/hachiya/ros2_ws/install/person_msgs/lib/libperson_msgs__rosidl_typesupport_introspection_c.so
[1.148s] -- Up-to-date: /home/hachiya/ros2_ws/install/person_msgs/lib/libperson_msgs__rosidl_typesupport_c.so
[1.148s] -- Up-to-date: /home/hachiya/ros2_ws/install/person_msgs/include/person_msgs
[1.148s] -- Up-to-date: /home/hachiya/ros2_ws/install/person_msgs/include/person_msgs/srv
[1.148s] -- Up-to-date: /home/hachiya/ros2_ws/install/person_msgs/include/person_msgs/srv/query.hpp
[1.148s] -- Up-to-date: /home/hachiya/ros2_ws/install/person_msgs/include/person_msgs/srv/detail
[1.148s] -- Up-to-date: /home/hachiya/ros2_ws/install/person_msgs/include/person_msgs/srv/detail/query__builder.hpp
[1.148s] -- Up-to-date: /home/hachiya/ros2_ws/install/person_msgs/include/person_msgs/srv/detail/query__type_support.hpp
[1.148s] -- Up-to-date: /home/hachiya/ros2_ws/install/person_msgs/include/person_msgs/srv/detail/query__struct.hpp
[1.148s] -- Up-to-date: /home/hachiya/ros2_ws/install/person_msgs/include/person_msgs/srv/detail/query__traits.hpp
[1.148s] -- Up-to-date: /home/hachiya/ros2_ws/install/person_msgs/include/person_msgs/msg
[1.148s] -- Up-to-date: /home/hachiya/ros2_ws/install/person_msgs/include/person_msgs/msg/rosidl_generator_cpp__visibility_control.hpp
[1.148s] -- Up-to-date: /home/hachiya/ros2_ws/install/person_msgs/include/person_msgs/msg/detail
[1.148s] -- Up-to-date: /home/hachiya/ros2_ws/install/person_msgs/include/person_msgs/msg/detail/person__type_support.hpp
[1.148s] -- Up-to-date: /home/hachiya/ros2_ws/install/person_msgs/include/person_msgs/msg/detail/person__traits.hpp
[1.148s] -- Up-to-date: /home/hachiya/ros2_ws/install/person_msgs/include/person_msgs/msg/detail/person__builder.hpp
[1.148s] -- Up-to-date: /home/hachiya/ros2_ws/install/person_msgs/include/person_msgs/msg/detail/person__struct.hpp
[1.148s] -- Up-to-date: /home/hachiya/ros2_ws/install/person_msgs/include/person_msgs/msg/person.hpp
[1.148s] -- Up-to-date: /home/hachiya/ros2_ws/install/person_msgs/include/person_msgs
[1.148s] -- Up-to-date: /home/hachiya/ros2_ws/install/person_msgs/include/person_msgs/srv
[1.148s] -- Up-to-date: /home/hachiya/ros2_ws/install/person_msgs/include/person_msgs/srv/detail
[1.148s] -- Up-to-date: /home/hachiya/ros2_ws/install/person_msgs/include/person_msgs/srv/detail/query__rosidl_typesupport_introspection_cpp.hpp
[1.148s] -- Up-to-date: /home/hachiya/ros2_ws/install/person_msgs/include/person_msgs/srv/detail/query__type_support.cpp
[1.148s] -- Up-to-date: /home/hachiya/ros2_ws/install/person_msgs/include/person_msgs/msg
[1.148s] -- Up-to-date: /home/hachiya/ros2_ws/install/person_msgs/include/person_msgs/msg/detail
[1.148s] -- Up-to-date: /home/hachiya/ros2_ws/install/person_msgs/include/person_msgs/msg/detail/person__type_support.cpp
[1.149s] -- Up-to-date: /home/hachiya/ros2_ws/install/person_msgs/include/person_msgs/msg/detail/person__rosidl_typesupport_introspection_cpp.hpp
[1.149s] -- Up-to-date: /home/hachiya/ros2_ws/install/person_msgs/lib/libperson_msgs__rosidl_typesupport_introspection_cpp.so
[1.149s] -- Up-to-date: /home/hachiya/ros2_ws/install/person_msgs/lib/libperson_msgs__rosidl_typesupport_cpp.so
[1.149s] -- Up-to-date: /home/hachiya/ros2_ws/install/person_msgs/share/person_msgs/environment/pythonpath.sh
[1.149s] -- Installing: /home/hachiya/ros2_ws/install/person_msgs/share/person_msgs/environment/pythonpath.dsv
[1.149s] -- Installing: /home/hachiya/ros2_ws/install/person_msgs/lib/python3.8/site-packages/person_msgs/__init__.py
[1.166s] Compiling '/home/hachiya/ros2_ws/install/person_msgs/lib/python3.8/site-packages/person_msgs/__init__.py'...
[1.168s] -- Up-to-date: /home/hachiya/ros2_ws/install/person_msgs/lib/python3.8/site-packages/person_msgs/msg
[1.168s] -- Up-to-date: /home/hachiya/ros2_ws/install/person_msgs/lib/python3.8/site-packages/person_msgs/msg/__init__.py
[1.168s] -- Up-to-date: /home/hachiya/ros2_ws/install/person_msgs/lib/python3.8/site-packages/person_msgs/msg/_person.py
[1.168s] -- Up-to-date: /home/hachiya/ros2_ws/install/person_msgs/lib/python3.8/site-packages/person_msgs/msg/_person_s.c
[1.168s] -- Up-to-date: /home/hachiya/ros2_ws/install/person_msgs/lib/python3.8/site-packages/person_msgs/srv
[1.168s] -- Up-to-date: /home/hachiya/ros2_ws/install/person_msgs/lib/python3.8/site-packages/person_msgs/srv/_query.py
[1.168s] -- Up-to-date: /home/hachiya/ros2_ws/install/person_msgs/lib/python3.8/site-packages/person_msgs/srv/_query_s.c
[1.168s] -- Up-to-date: /home/hachiya/ros2_ws/install/person_msgs/lib/python3.8/site-packages/person_msgs/srv/__init__.py
[1.169s] -- Up-to-date: /home/hachiya/ros2_ws/install/person_msgs/lib/python3.8/site-packages/person_msgs/person_msgs_s__rosidl_typesupport_fastrtps_c.cpython-38-x86_64-linux-gnu.so
[1.169s] -- Up-to-date: /home/hachiya/ros2_ws/install/person_msgs/lib/python3.8/site-packages/person_msgs/person_msgs_s__rosidl_typesupport_introspection_c.cpython-38-x86_64-linux-gnu.so
[1.169s] -- Up-to-date: /home/hachiya/ros2_ws/install/person_msgs/lib/python3.8/site-packages/person_msgs/person_msgs_s__rosidl_typesupport_c.cpython-38-x86_64-linux-gnu.so
[1.169s] -- Up-to-date: /home/hachiya/ros2_ws/install/person_msgs/lib/libperson_msgs__python.so
[1.169s] -- Up-to-date: /home/hachiya/ros2_ws/install/person_msgs/share/person_msgs/msg/Person.idl
[1.170s] -- Up-to-date: /home/hachiya/ros2_ws/install/person_msgs/share/person_msgs/srv/Query.idl
[1.170s] -- Up-to-date: /home/hachiya/ros2_ws/install/person_msgs/share/person_msgs/msg/Person.msg
[1.170s] -- Up-to-date: /home/hachiya/ros2_ws/install/person_msgs/share/person_msgs/srv/Query.srv
[1.170s] -- Up-to-date: /home/hachiya/ros2_ws/install/person_msgs/share/person_msgs/srv/Query_Request.msg
[1.170s] -- Up-to-date: /home/hachiya/ros2_ws/install/person_msgs/share/person_msgs/srv/Query_Response.msg
[1.170s] -- Up-to-date: /home/hachiya/ros2_ws/install/person_msgs/share/ament_index/resource_index/package_run_dependencies/person_msgs
[1.170s] -- Up-to-date: /home/hachiya/ros2_ws/install/person_msgs/share/ament_index/resource_index/parent_prefix_path/person_msgs
[1.170s] -- Up-to-date: /home/hachiya/ros2_ws/install/person_msgs/share/person_msgs/environment/ament_prefix_path.sh
[1.170s] -- Installing: /home/hachiya/ros2_ws/install/person_msgs/share/person_msgs/environment/ament_prefix_path.dsv
[1.170s] -- Up-to-date: /home/hachiya/ros2_ws/install/person_msgs/share/person_msgs/environment/path.sh
[1.170s] -- Installing: /home/hachiya/ros2_ws/install/person_msgs/share/person_msgs/environment/path.dsv
[1.170s] -- Up-to-date: /home/hachiya/ros2_ws/install/person_msgs/share/person_msgs/local_setup.bash
[1.170s] -- Up-to-date: /home/hachiya/ros2_ws/install/person_msgs/share/person_msgs/local_setup.sh
[1.170s] -- Up-to-date: /home/hachiya/ros2_ws/install/person_msgs/share/person_msgs/local_setup.zsh
[1.170s] -- Installing: /home/hachiya/ros2_ws/install/person_msgs/share/person_msgs/local_setup.dsv
[1.170s] -- Installing: /home/hachiya/ros2_ws/install/person_msgs/share/person_msgs/package.dsv
[1.170s] -- Up-to-date: /home/hachiya/ros2_ws/install/person_msgs/share/ament_index/resource_index/packages/person_msgs
[1.170s] -- Up-to-date: /home/hachiya/ros2_ws/install/person_msgs/share/person_msgs/cmake/person_msgs__rosidl_generator_cExport.cmake
[1.170s] -- Installing: /home/hachiya/ros2_ws/install/person_msgs/share/person_msgs/cmake/person_msgs__rosidl_generator_cExport-noconfig.cmake
[1.170s] -- Up-to-date: /home/hachiya/ros2_ws/install/person_msgs/share/person_msgs/cmake/person_msgs__rosidl_typesupport_introspection_cExport.cmake
[1.170s] -- Installing: /home/hachiya/ros2_ws/install/person_msgs/share/person_msgs/cmake/person_msgs__rosidl_typesupport_introspection_cExport-noconfig.cmake
[1.171s] -- Up-to-date: /home/hachiya/ros2_ws/install/person_msgs/share/person_msgs/cmake/person_msgs__rosidl_typesupport_cExport.cmake
[1.171s] -- Installing: /home/hachiya/ros2_ws/install/person_msgs/share/person_msgs/cmake/person_msgs__rosidl_typesupport_cExport-noconfig.cmake
[1.171s] -- Up-to-date: /home/hachiya/ros2_ws/install/person_msgs/share/person_msgs/cmake/person_msgs__rosidl_generator_cppExport.cmake
[1.171s] -- Up-to-date: /home/hachiya/ros2_ws/install/person_msgs/share/person_msgs/cmake/person_msgs__rosidl_typesupport_introspection_cppExport.cmake
[1.171s] -- Installing: /home/hachiya/ros2_ws/install/person_msgs/share/person_msgs/cmake/person_msgs__rosidl_typesupport_introspection_cppExport-noconfig.cmake
[1.171s] -- Up-to-date: /home/hachiya/ros2_ws/install/person_msgs/share/person_msgs/cmake/person_msgs__rosidl_typesupport_cppExport.cmake
[1.171s] -- Installing: /home/hachiya/ros2_ws/install/person_msgs/share/person_msgs/cmake/person_msgs__rosidl_typesupport_cppExport-noconfig.cmake
[1.171s] -- Up-to-date: /home/hachiya/ros2_ws/install/person_msgs/share/person_msgs/cmake/rosidl_cmake-extras.cmake
[1.171s] -- Up-to-date: /home/hachiya/ros2_ws/install/person_msgs/share/person_msgs/cmake/ament_cmake_export_dependencies-extras.cmake
[1.171s] -- Up-to-date: /home/hachiya/ros2_ws/install/person_msgs/share/person_msgs/cmake/ament_cmake_export_libraries-extras.cmake
[1.171s] -- Up-to-date: /home/hachiya/ros2_ws/install/person_msgs/share/person_msgs/cmake/ament_cmake_export_targets-extras.cmake
[1.171s] -- Up-to-date: /home/hachiya/ros2_ws/install/person_msgs/share/person_msgs/cmake/ament_cmake_export_include_directories-extras.cmake
[1.171s] -- Up-to-date: /home/hachiya/ros2_ws/install/person_msgs/share/person_msgs/cmake/rosidl_cmake_export_typesupport_libraries-extras.cmake
[1.171s] -- Up-to-date: /home/hachiya/ros2_ws/install/person_msgs/share/person_msgs/cmake/rosidl_cmake_export_typesupport_targets-extras.cmake
[1.171s] -- Up-to-date: /home/hachiya/ros2_ws/install/person_msgs/share/person_msgs/cmake/person_msgsConfig.cmake
[1.171s] -- Up-to-date: /home/hachiya/ros2_ws/install/person_msgs/share/person_msgs/cmake/person_msgsConfig-version.cmake
[1.172s] -- Up-to-date: /home/hachiya/ros2_ws/install/person_msgs/share/person_msgs/package.xml
[1.173s] Invoked command in '/home/hachiya/ros2_ws/build/person_msgs' returned '0': CMAKE_PREFIX_PATH=${CMAKE_PREFIX_PATH}:/home/hachiya/ros2_ws/install/mypkg:/opt/ros/foxy /usr/bin/cmake --install /home/hachiya/ros2_ws/build/person_msgs
