[1.524s] DEBUG:colcon:Command line arguments: ['/usr/bin/colcon', 'build']
[1.524s] DEBUG:colcon:Parsed command line arguments: Namespace(allow_overriding=[], ament_cmake_args=None, base_paths=['.'], build_base='build', catkin_cmake_args=None, catkin_skip_building_tests=False, cmake_args=None, cmake_clean_cache=False, cmake_clean_first=False, cmake_force_configure=False, cmake_target=None, cmake_target_skip_unavailable=False, continue_on_error=False, event_handlers=None, executor='parallel', ignore_user_meta=False, install_base='install', log_base=None, log_level=None, main=<bound method BuildVerb.main of <colcon_core.verb.build.BuildVerb object at 0x7f1db3a51400>>, merge_install=False, metas=['./colcon.meta'], packages_above=None, packages_above_and_dependencies=None, packages_above_depth=None, packages_end=None, packages_ignore=None, packages_ignore_regex=None, packages_select=None, packages_select_build_failed=False, packages_select_by_dep=None, packages_select_regex=None, packages_select_test_failures=False, packages_skip=None, packages_skip_build_finished=False, packages_skip_by_dep=None, packages_skip_regex=None, packages_skip_test_passed=False, packages_skip_up_to=None, packages_start=None, packages_up_to=None, packages_up_to_regex=None, parallel_workers=8, paths=None, symlink_install=False, test_result_base=None, verb_extension=<colcon_core.verb.build.BuildVerb object at 0x7f1db3a51400>, verb_name='build', verb_parser=<colcon_defaults.argument_parser.defaults.DefaultArgumentsDecorator object at 0x7f1db3a54820>)
[1.588s] Level 1:colcon.colcon_core.package_discovery:discover_packages(colcon_meta) check parameters
[1.588s] Level 1:colcon.colcon_core.package_discovery:discover_packages(recursive) check parameters
[1.588s] Level 1:colcon.colcon_core.package_discovery:discover_packages(ignore) check parameters
[1.588s] Level 1:colcon.colcon_core.package_discovery:discover_packages(path) check parameters
[1.588s] Level 1:colcon.colcon_core.package_discovery:discover_packages(colcon_meta) discover
[1.588s] Level 1:colcon.colcon_core.package_discovery:discover_packages(recursive) discover
[1.588s] INFO:colcon.colcon_core.package_discovery:Crawling recursively for packages in '/home/hachiya/ros2_ws'
[1.588s] Level 1:colcon.colcon_core.package_identification:_identify(.) by extensions ['ignore', 'ignore_ament_install']
[1.588s] Level 1:colcon.colcon_core.package_identification:_identify(.) by extension 'ignore'
[1.588s] Level 1:colcon.colcon_core.package_identification:_identify(.) by extension 'ignore_ament_install'
[1.588s] Level 1:colcon.colcon_core.package_identification:_identify(.) by extensions ['colcon_pkg']
[1.588s] Level 1:colcon.colcon_core.package_identification:_identify(.) by extension 'colcon_pkg'
[1.589s] Level 1:colcon.colcon_core.package_identification:_identify(.) by extensions ['colcon_meta']
[1.589s] Level 1:colcon.colcon_core.package_identification:_identify(.) by extension 'colcon_meta'
[1.589s] Level 1:colcon.colcon_core.package_identification:_identify(.) by extensions ['ros']
[1.589s] Level 1:colcon.colcon_core.package_identification:_identify(.) by extension 'ros'
[1.595s] Level 1:colcon.colcon_core.package_identification:_identify(.) by extensions ['cmake', 'python']
[1.595s] Level 1:colcon.colcon_core.package_identification:_identify(.) by extension 'cmake'
[1.595s] Level 1:colcon.colcon_core.package_identification:_identify(.) by extension 'python'
[1.595s] Level 1:colcon.colcon_core.package_identification:_identify(.) by extensions ['python_setup_py']
[1.595s] Level 1:colcon.colcon_core.package_identification:_identify(.) by extension 'python_setup_py'
[1.595s] Level 1:colcon.colcon_core.package_identification:_identify(build) by extensions ['ignore', 'ignore_ament_install']
[1.595s] Level 1:colcon.colcon_core.package_identification:_identify(build) by extension 'ignore'
[1.595s] Level 1:colcon.colcon_core.package_identification:_identify(build) ignored
[1.595s] Level 1:colcon.colcon_core.package_identification:_identify(install) by extensions ['ignore', 'ignore_ament_install']
[1.596s] Level 1:colcon.colcon_core.package_identification:_identify(install) by extension 'ignore'
[1.596s] Level 1:colcon.colcon_core.package_identification:_identify(install) ignored
[1.596s] Level 1:colcon.colcon_core.package_identification:_identify(log) by extensions ['ignore', 'ignore_ament_install']
[1.596s] Level 1:colcon.colcon_core.package_identification:_identify(log) by extension 'ignore'
[1.596s] Level 1:colcon.colcon_core.package_identification:_identify(log) ignored
[1.596s] Level 1:colcon.colcon_core.package_identification:_identify(src) by extensions ['ignore', 'ignore_ament_install']
[1.596s] Level 1:colcon.colcon_core.package_identification:_identify(src) by extension 'ignore'
[1.596s] Level 1:colcon.colcon_core.package_identification:_identify(src) by extension 'ignore_ament_install'
[1.596s] Level 1:colcon.colcon_core.package_identification:_identify(src) by extensions ['colcon_pkg']
[1.596s] Level 1:colcon.colcon_core.package_identification:_identify(src) by extension 'colcon_pkg'
[1.596s] Level 1:colcon.colcon_core.package_identification:_identify(src) by extensions ['colcon_meta']
[1.596s] Level 1:colcon.colcon_core.package_identification:_identify(src) by extension 'colcon_meta'
[1.596s] Level 1:colcon.colcon_core.package_identification:_identify(src) by extensions ['ros']
[1.596s] Level 1:colcon.colcon_core.package_identification:_identify(src) by extension 'ros'
[1.596s] Level 1:colcon.colcon_core.package_identification:_identify(src) by extensions ['cmake', 'python']
[1.596s] Level 1:colcon.colcon_core.package_identification:_identify(src) by extension 'cmake'
[1.596s] Level 1:colcon.colcon_core.package_identification:_identify(src) by extension 'python'
[1.596s] Level 1:colcon.colcon_core.package_identification:_identify(src) by extensions ['python_setup_py']
[1.596s] Level 1:colcon.colcon_core.package_identification:_identify(src) by extension 'python_setup_py'
[1.596s] Level 1:colcon.colcon_core.package_identification:_identify(src/mypkg) by extensions ['ignore', 'ignore_ament_install']
[1.596s] Level 1:colcon.colcon_core.package_identification:_identify(src/mypkg) by extension 'ignore'
[1.596s] Level 1:colcon.colcon_core.package_identification:_identify(src/mypkg) by extension 'ignore_ament_install'
[1.596s] Level 1:colcon.colcon_core.package_identification:_identify(src/mypkg) by extensions ['colcon_pkg']
[1.596s] Level 1:colcon.colcon_core.package_identification:_identify(src/mypkg) by extension 'colcon_pkg'
[1.596s] Level 1:colcon.colcon_core.package_identification:_identify(src/mypkg) by extensions ['colcon_meta']
[1.596s] Level 1:colcon.colcon_core.package_identification:_identify(src/mypkg) by extension 'colcon_meta'
[1.596s] Level 1:colcon.colcon_core.package_identification:_identify(src/mypkg) by extensions ['ros']
[1.596s] Level 1:colcon.colcon_core.package_identification:_identify(src/mypkg) by extension 'ros'
[1.598s] DEBUG:colcon.colcon_core.package_identification:Package 'src/mypkg' with type 'ros.ament_python' and name 'mypkg'
[1.598s] Level 1:colcon.colcon_core.package_identification:_identify(src/person_msgs) by extensions ['ignore', 'ignore_ament_install']
[1.598s] Level 1:colcon.colcon_core.package_identification:_identify(src/person_msgs) by extension 'ignore'
[1.598s] Level 1:colcon.colcon_core.package_identification:_identify(src/person_msgs) by extension 'ignore_ament_install'
[1.598s] Level 1:colcon.colcon_core.package_identification:_identify(src/person_msgs) by extensions ['colcon_pkg']
[1.598s] Level 1:colcon.colcon_core.package_identification:_identify(src/person_msgs) by extension 'colcon_pkg'
[1.598s] Level 1:colcon.colcon_core.package_identification:_identify(src/person_msgs) by extensions ['colcon_meta']
[1.598s] Level 1:colcon.colcon_core.package_identification:_identify(src/person_msgs) by extension 'colcon_meta'
[1.598s] Level 1:colcon.colcon_core.package_identification:_identify(src/person_msgs) by extensions ['ros']
[1.598s] Level 1:colcon.colcon_core.package_identification:_identify(src/person_msgs) by extension 'ros'
[1.598s] DEBUG:colcon.colcon_core.package_identification:Package 'src/person_msgs' with type 'ros.ament_cmake' and name 'person_msgs'
[1.598s] Level 1:colcon.colcon_core.package_discovery:discover_packages(recursive) using defaults
[1.598s] Level 1:colcon.colcon_core.package_discovery:discover_packages(ignore) discover
[1.598s] Level 1:colcon.colcon_core.package_discovery:discover_packages(ignore) using defaults
[1.598s] Level 1:colcon.colcon_core.package_discovery:discover_packages(path) discover
[1.598s] Level 1:colcon.colcon_core.package_discovery:discover_packages(path) using defaults
[1.745s] Level 1:colcon.colcon_core.package_discovery:discover_packages(prefix_path) check parameters
[1.745s] Level 1:colcon.colcon_core.package_discovery:discover_packages(prefix_path) discover
[1.799s] DEBUG:colcon.colcon_installed_package_information.package_discovery:Found 2 installed packages in /home/hachiya/ros2_ws/install
[1.826s] DEBUG:colcon.colcon_installed_package_information.package_discovery:Found 256 installed packages in /opt/ros/foxy
[1.827s] Level 1:colcon.colcon_core.package_discovery:discover_packages(prefix_path) using defaults
[1.925s] Level 5:colcon.colcon_core.verb:set package 'mypkg' build argument 'cmake_args' from command line to 'None'
[1.925s] Level 5:colcon.colcon_core.verb:set package 'mypkg' build argument 'cmake_target' from command line to 'None'
[1.925s] Level 5:colcon.colcon_core.verb:set package 'mypkg' build argument 'cmake_target_skip_unavailable' from command line to 'False'
[1.925s] Level 5:colcon.colcon_core.verb:set package 'mypkg' build argument 'cmake_clean_cache' from command line to 'False'
[1.925s] Level 5:colcon.colcon_core.verb:set package 'mypkg' build argument 'cmake_clean_first' from command line to 'False'
[1.925s] Level 5:colcon.colcon_core.verb:set package 'mypkg' build argument 'cmake_force_configure' from command line to 'False'
[1.925s] Level 5:colcon.colcon_core.verb:set package 'mypkg' build argument 'ament_cmake_args' from command line to 'None'
[1.925s] Level 5:colcon.colcon_core.verb:set package 'mypkg' build argument 'catkin_cmake_args' from command line to 'None'
[1.925s] Level 5:colcon.colcon_core.verb:set package 'mypkg' build argument 'catkin_skip_building_tests' from command line to 'False'
[1.925s] DEBUG:colcon.colcon_core.verb:Building package 'mypkg' with the following arguments: {'ament_cmake_args': None, 'build_base': '/home/hachiya/ros2_ws/build/mypkg', 'catkin_cmake_args': None, 'catkin_skip_building_tests': False, 'cmake_args': None, 'cmake_clean_cache': False, 'cmake_clean_first': False, 'cmake_force_configure': False, 'cmake_target': None, 'cmake_target_skip_unavailable': False, 'install_base': '/home/hachiya/ros2_ws/install/mypkg', 'merge_install': False, 'path': '/home/hachiya/ros2_ws/src/mypkg', 'symlink_install': False, 'test_result_base': None}
[1.952s] Level 5:colcon.colcon_core.verb:set package 'person_msgs' build argument 'cmake_args' from command line to 'None'
[1.952s] Level 5:colcon.colcon_core.verb:set package 'person_msgs' build argument 'cmake_target' from command line to 'None'
[1.952s] Level 5:colcon.colcon_core.verb:set package 'person_msgs' build argument 'cmake_target_skip_unavailable' from command line to 'False'
[1.952s] Level 5:colcon.colcon_core.verb:set package 'person_msgs' build argument 'cmake_clean_cache' from command line to 'False'
[1.952s] Level 5:colcon.colcon_core.verb:set package 'person_msgs' build argument 'cmake_clean_first' from command line to 'False'
[1.952s] Level 5:colcon.colcon_core.verb:set package 'person_msgs' build argument 'cmake_force_configure' from command line to 'False'
[1.952s] Level 5:colcon.colcon_core.verb:set package 'person_msgs' build argument 'ament_cmake_args' from command line to 'None'
[1.952s] Level 5:colcon.colcon_core.verb:set package 'person_msgs' build argument 'catkin_cmake_args' from command line to 'None'
[1.952s] Level 5:colcon.colcon_core.verb:set package 'person_msgs' build argument 'catkin_skip_building_tests' from command line to 'False'
[1.952s] DEBUG:colcon.colcon_core.verb:Building package 'person_msgs' with the following arguments: {'ament_cmake_args': None, 'build_base': '/home/hachiya/ros2_ws/build/person_msgs', 'catkin_cmake_args': None, 'catkin_skip_building_tests': False, 'cmake_args': None, 'cmake_clean_cache': False, 'cmake_clean_first': False, 'cmake_force_configure': False, 'cmake_target': None, 'cmake_target_skip_unavailable': False, 'install_base': '/home/hachiya/ros2_ws/install/person_msgs', 'merge_install': False, 'path': '/home/hachiya/ros2_ws/src/person_msgs', 'symlink_install': False, 'test_result_base': None}
[1.978s] INFO:colcon.colcon_core.executor:Executing jobs using 'parallel' executor
[2.005s] DEBUG:colcon.colcon_parallel_executor.executor.parallel:run_until_complete
[2.005s] INFO:colcon.colcon_ros.task.ament_python.build:Building ROS package in '/home/hachiya/ros2_ws/src/mypkg' with build type 'ament_python'
[2.005s] Level 1:colcon.colcon_core.shell:create_environment_hook('mypkg', 'ament_prefix_path')
[2.034s] INFO:colcon.colcon_core.plugin_system:Skipping extension 'colcon_core.shell.bat': Not used on non-Windows systems
[2.034s] INFO:colcon.colcon_core.shell:Creating environment hook '/home/hachiya/ros2_ws/install/mypkg/share/mypkg/hook/ament_prefix_path.ps1'
[2.034s] INFO:colcon.colcon_core.shell:Creating environment descriptor '/home/hachiya/ros2_ws/install/mypkg/share/mypkg/hook/ament_prefix_path.dsv'
[2.035s] INFO:colcon.colcon_core.shell:Creating environment hook '/home/hachiya/ros2_ws/install/mypkg/share/mypkg/hook/ament_prefix_path.sh'
[2.062s] INFO:colcon.colcon_core.shell:Skip shell extension 'powershell' for command environment: Not usable outside of PowerShell
[2.062s] DEBUG:colcon.colcon_core.shell:Skip shell extension 'dsv' for command environment
[2.148s] INFO:colcon.colcon_ros.task.ament_cmake.build:Building ROS package in '/home/hachiya/ros2_ws/src/person_msgs' with build type 'ament_cmake'
[2.148s] INFO:colcon.colcon_cmake.task.cmake.build:Building CMake package in '/home/hachiya/ros2_ws/src/person_msgs'
[2.176s] INFO:colcon.colcon_core.shell:Skip shell extension 'powershell' for command environment: Not usable outside of PowerShell
[2.177s] DEBUG:colcon.colcon_core.shell:Skip shell extension 'dsv' for command environment
[2.409s] INFO:colcon.colcon_core.task.python.build:Building Python package in '/home/hachiya/ros2_ws/src/mypkg'
[2.436s] INFO:colcon.colcon_core.shell:Skip shell extension 'powershell' for command environment: Not usable outside of PowerShell
[2.436s] DEBUG:colcon.colcon_core.shell:Skip shell extension 'dsv' for command environment
[2.523s] DEBUG:colcon.colcon_core.event_handler.log_command:Invoking command in '/home/hachiya/ros2_ws/build/person_msgs': CMAKE_PREFIX_PATH=${CMAKE_PREFIX_PATH}:/home/hachiya/ros2_ws/install/mypkg:/opt/ros/foxy /usr/bin/cmake --build /home/hachiya/ros2_ws/build/person_msgs -- -j8 -l8
[2.800s] DEBUG:colcon.colcon_core.event_handler.log_command:Invoking command in '/home/hachiya/ros2_ws/src/mypkg': PYTHONPATH=/home/hachiya/ros2_ws/build/mypkg/prefix_override:/home/hachiya/ros2_ws/install/mypkg/lib/python3.8/site-packages:${PYTHONPATH} /usr/bin/python3 setup.py egg_info --egg-base ../../build/mypkg build --build-base /home/hachiya/ros2_ws/build/mypkg/build install --record /home/hachiya/ros2_ws/build/mypkg/install.log --install-scripts $base/lib/mypkg --single-version-externally-managed
[2.992s] DEBUG:colcon.colcon_core.event_handler.log_command:Invoked command in '/home/hachiya/ros2_ws/src/mypkg' returned '0': PYTHONPATH=/home/hachiya/ros2_ws/build/mypkg/prefix_override:/home/hachiya/ros2_ws/install/mypkg/lib/python3.8/site-packages:${PYTHONPATH} /usr/bin/python3 setup.py egg_info --egg-base ../../build/mypkg build --build-base /home/hachiya/ros2_ws/build/mypkg/build install --record /home/hachiya/ros2_ws/build/mypkg/install.log --install-scripts $base/lib/mypkg --single-version-externally-managed
[3.029s] Level 1:colcon.colcon_core.environment:checking '/home/hachiya/ros2_ws/install/mypkg' for CMake module files
[3.029s] Level 1:colcon.colcon_core.environment:checking '/home/hachiya/ros2_ws/install/mypkg' for CMake config files
[3.029s] Level 1:colcon.colcon_core.environment:checking '/home/hachiya/ros2_ws/install/mypkg/lib'
[3.030s] Level 1:colcon.colcon_core.environment:checking '/home/hachiya/ros2_ws/install/mypkg/bin'
[3.030s] Level 1:colcon.colcon_core.environment:checking '/home/hachiya/ros2_ws/install/mypkg/lib/pkgconfig/mypkg.pc'
[3.030s] Level 1:colcon.colcon_core.environment:checking '/home/hachiya/ros2_ws/install/mypkg/lib/python3.8/site-packages'
[3.030s] Level 1:colcon.colcon_core.shell:create_environment_hook('mypkg', 'pythonpath')
[3.080s] INFO:colcon.colcon_core.shell:Creating environment hook '/home/hachiya/ros2_ws/install/mypkg/share/mypkg/hook/pythonpath.ps1'
[3.080s] INFO:colcon.colcon_core.shell:Creating environment descriptor '/home/hachiya/ros2_ws/install/mypkg/share/mypkg/hook/pythonpath.dsv'
[3.081s] INFO:colcon.colcon_core.shell:Creating environment hook '/home/hachiya/ros2_ws/install/mypkg/share/mypkg/hook/pythonpath.sh'
[3.081s] Level 1:colcon.colcon_core.environment:checking '/home/hachiya/ros2_ws/install/mypkg/bin'
[3.081s] Level 1:colcon.colcon_core.environment:create_environment_scripts_only(mypkg)
[3.137s] INFO:colcon.colcon_core.shell:Creating package script '/home/hachiya/ros2_ws/install/mypkg/share/mypkg/package.ps1'
[3.138s] INFO:colcon.colcon_core.shell:Creating package descriptor '/home/hachiya/ros2_ws/install/mypkg/share/mypkg/package.dsv'
[3.139s] INFO:colcon.colcon_core.shell:Creating package script '/home/hachiya/ros2_ws/install/mypkg/share/mypkg/package.sh'
[3.139s] INFO:colcon.colcon_core.shell:Creating package script '/home/hachiya/ros2_ws/install/mypkg/share/mypkg/package.bash'
[3.140s] INFO:colcon.colcon_core.shell:Creating package script '/home/hachiya/ros2_ws/install/mypkg/share/mypkg/package.zsh'
[3.141s] Level 1:colcon.colcon_core.environment:create_file_with_runtime_dependencies(/home/hachiya/ros2_ws/install/mypkg/share/colcon-core/packages/mypkg)
[5.101s] DEBUG:colcon.colcon_core.event_handler.log_command:Invoked command in '/home/hachiya/ros2_ws/build/person_msgs' returned '0': CMAKE_PREFIX_PATH=${CMAKE_PREFIX_PATH}:/home/hachiya/ros2_ws/install/mypkg:/opt/ros/foxy /usr/bin/cmake --build /home/hachiya/ros2_ws/build/person_msgs -- -j8 -l8
[5.145s] DEBUG:colcon.colcon_core.event_handler.log_command:Invoking command in '/home/hachiya/ros2_ws/build/person_msgs': CMAKE_PREFIX_PATH=${CMAKE_PREFIX_PATH}:/home/hachiya/ros2_ws/install/mypkg:/opt/ros/foxy /usr/bin/cmake --install /home/hachiya/ros2_ws/build/person_msgs
[5.183s] Level 1:colcon.colcon_core.environment:create_environment_scripts_only(person_msgs)
[5.183s] DEBUG:colcon.colcon_core.event_handler.log_command:Invoked command in '/home/hachiya/ros2_ws/build/person_msgs' returned '0': CMAKE_PREFIX_PATH=${CMAKE_PREFIX_PATH}:/home/hachiya/ros2_ws/install/mypkg:/opt/ros/foxy /usr/bin/cmake --install /home/hachiya/ros2_ws/build/person_msgs
[5.212s] Level 1:colcon.colcon_core.environment:checking '/home/hachiya/ros2_ws/install/person_msgs' for CMake module files
[5.213s] Level 1:colcon.colcon_core.environment:checking '/home/hachiya/ros2_ws/install/person_msgs' for CMake config files
[5.213s] Level 1:colcon.colcon_core.shell:create_environment_hook('person_msgs', 'cmake_prefix_path')
[5.241s] INFO:colcon.colcon_core.shell:Creating environment hook '/home/hachiya/ros2_ws/install/person_msgs/share/person_msgs/hook/cmake_prefix_path.ps1'
[5.241s] INFO:colcon.colcon_core.shell:Creating environment descriptor '/home/hachiya/ros2_ws/install/person_msgs/share/person_msgs/hook/cmake_prefix_path.dsv'
[5.241s] INFO:colcon.colcon_core.shell:Creating environment hook '/home/hachiya/ros2_ws/install/person_msgs/share/person_msgs/hook/cmake_prefix_path.sh'
[5.242s] Level 1:colcon.colcon_core.environment:checking '/home/hachiya/ros2_ws/install/person_msgs/lib'
[5.242s] Level 1:colcon.colcon_core.shell:create_environment_hook('person_msgs', 'ld_library_path_lib')
[5.269s] INFO:colcon.colcon_core.shell:Creating environment hook '/home/hachiya/ros2_ws/install/person_msgs/share/person_msgs/hook/ld_library_path_lib.ps1'
[5.270s] INFO:colcon.colcon_core.shell:Creating environment descriptor '/home/hachiya/ros2_ws/install/person_msgs/share/person_msgs/hook/ld_library_path_lib.dsv'
[5.270s] INFO:colcon.colcon_core.shell:Creating environment hook '/home/hachiya/ros2_ws/install/person_msgs/share/person_msgs/hook/ld_library_path_lib.sh'
[5.270s] Level 1:colcon.colcon_core.environment:checking '/home/hachiya/ros2_ws/install/person_msgs/bin'
[5.270s] Level 1:colcon.colcon_core.environment:checking '/home/hachiya/ros2_ws/install/person_msgs/lib/pkgconfig/person_msgs.pc'
[5.270s] Level 1:colcon.colcon_core.environment:checking '/home/hachiya/ros2_ws/install/person_msgs/lib/python3.8/site-packages'
[5.270s] Level 1:colcon.colcon_core.shell:create_environment_hook('person_msgs', 'pythonpath')
[5.297s] INFO:colcon.colcon_core.shell:Creating environment hook '/home/hachiya/ros2_ws/install/person_msgs/share/person_msgs/hook/pythonpath.ps1'
[5.297s] INFO:colcon.colcon_core.shell:Creating environment descriptor '/home/hachiya/ros2_ws/install/person_msgs/share/person_msgs/hook/pythonpath.dsv'
[5.297s] INFO:colcon.colcon_core.shell:Creating environment hook '/home/hachiya/ros2_ws/install/person_msgs/share/person_msgs/hook/pythonpath.sh'
[5.297s] Level 1:colcon.colcon_core.environment:checking '/home/hachiya/ros2_ws/install/person_msgs/bin'
[5.324s] INFO:colcon.colcon_core.shell:Creating package script '/home/hachiya/ros2_ws/install/person_msgs/share/person_msgs/package.ps1'
[5.325s] INFO:colcon.colcon_core.shell:Creating package descriptor '/home/hachiya/ros2_ws/install/person_msgs/share/person_msgs/package.dsv'
[5.325s] INFO:colcon.colcon_core.shell:Creating package script '/home/hachiya/ros2_ws/install/person_msgs/share/person_msgs/package.sh'
[5.325s] INFO:colcon.colcon_core.shell:Creating package script '/home/hachiya/ros2_ws/install/person_msgs/share/person_msgs/package.bash'
[5.325s] INFO:colcon.colcon_core.shell:Creating package script '/home/hachiya/ros2_ws/install/person_msgs/share/person_msgs/package.zsh'
[5.325s] Level 1:colcon.colcon_core.environment:create_file_with_runtime_dependencies(/home/hachiya/ros2_ws/install/person_msgs/share/colcon-core/packages/person_msgs)
[5.388s] Level 1:colcon.colcon_core.environment:create_environment_scripts_only(person_msgs)
[5.415s] Level 1:colcon.colcon_core.environment:checking '/home/hachiya/ros2_ws/install/person_msgs' for CMake module files
[5.415s] Level 1:colcon.colcon_core.environment:checking '/home/hachiya/ros2_ws/install/person_msgs' for CMake config files
[5.415s] Level 1:colcon.colcon_core.shell:create_environment_hook('person_msgs', 'cmake_prefix_path')
[5.442s] INFO:colcon.colcon_core.shell:Creating environment hook '/home/hachiya/ros2_ws/install/person_msgs/share/person_msgs/hook/cmake_prefix_path.ps1'
[5.442s] INFO:colcon.colcon_core.shell:Creating environment descriptor '/home/hachiya/ros2_ws/install/person_msgs/share/person_msgs/hook/cmake_prefix_path.dsv'
[5.443s] INFO:colcon.colcon_core.shell:Creating environment hook '/home/hachiya/ros2_ws/install/person_msgs/share/person_msgs/hook/cmake_prefix_path.sh'
[5.444s] Level 1:colcon.colcon_core.environment:checking '/home/hachiya/ros2_ws/install/person_msgs/lib'
[5.445s] Level 1:colcon.colcon_core.shell:create_environment_hook('person_msgs', 'ld_library_path_lib')
[5.471s] INFO:colcon.colcon_core.shell:Creating environment hook '/home/hachiya/ros2_ws/install/person_msgs/share/person_msgs/hook/ld_library_path_lib.ps1'
[5.471s] INFO:colcon.colcon_core.shell:Creating environment descriptor '/home/hachiya/ros2_ws/install/person_msgs/share/person_msgs/hook/ld_library_path_lib.dsv'
[5.471s] INFO:colcon.colcon_core.shell:Creating environment hook '/home/hachiya/ros2_ws/install/person_msgs/share/person_msgs/hook/ld_library_path_lib.sh'
[5.471s] Level 1:colcon.colcon_core.environment:checking '/home/hachiya/ros2_ws/install/person_msgs/bin'
[5.471s] Level 1:colcon.colcon_core.environment:checking '/home/hachiya/ros2_ws/install/person_msgs/lib/pkgconfig/person_msgs.pc'
[5.472s] Level 1:colcon.colcon_core.environment:checking '/home/hachiya/ros2_ws/install/person_msgs/lib/python3.8/site-packages'
[5.472s] Level 1:colcon.colcon_core.shell:create_environment_hook('person_msgs', 'pythonpath')
[5.497s] INFO:colcon.colcon_core.shell:Creating environment hook '/home/hachiya/ros2_ws/install/person_msgs/share/person_msgs/hook/pythonpath.ps1'
[5.498s] INFO:colcon.colcon_core.shell:Creating environment descriptor '/home/hachiya/ros2_ws/install/person_msgs/share/person_msgs/hook/pythonpath.dsv'
[5.498s] INFO:colcon.colcon_core.shell:Creating environment hook '/home/hachiya/ros2_ws/install/person_msgs/share/person_msgs/hook/pythonpath.sh'
[5.498s] Level 1:colcon.colcon_core.environment:checking '/home/hachiya/ros2_ws/install/person_msgs/bin'
[5.533s] INFO:colcon.colcon_core.shell:Creating package script '/home/hachiya/ros2_ws/install/person_msgs/share/person_msgs/package.ps1'
[5.533s] INFO:colcon.colcon_core.shell:Creating package descriptor '/home/hachiya/ros2_ws/install/person_msgs/share/person_msgs/package.dsv'
[5.533s] INFO:colcon.colcon_core.shell:Creating package script '/home/hachiya/ros2_ws/install/person_msgs/share/person_msgs/package.sh'
[5.534s] INFO:colcon.colcon_core.shell:Creating package script '/home/hachiya/ros2_ws/install/person_msgs/share/person_msgs/package.bash'
[5.534s] INFO:colcon.colcon_core.shell:Creating package script '/home/hachiya/ros2_ws/install/person_msgs/share/person_msgs/package.zsh'
[5.534s] Level 1:colcon.colcon_core.environment:create_file_with_runtime_dependencies(/home/hachiya/ros2_ws/install/person_msgs/share/colcon-core/packages/person_msgs)
[5.534s] DEBUG:colcon.colcon_parallel_executor.executor.parallel:closing loop
[5.534s] DEBUG:colcon.colcon_parallel_executor.executor.parallel:loop closed
[5.534s] DEBUG:colcon.colcon_parallel_executor.executor.parallel:run_until_complete finished with '0'
[5.534s] DEBUG:colcon.colcon_core.event_reactor:joining thread
[5.566s] INFO:colcon.colcon_core.plugin_system:Skipping extension 'colcon_notification.desktop_notification.terminal_notifier': Not used on non-Darwin systems
[5.566s] INFO:colcon.colcon_core.plugin_system:Skipping extension 'colcon_notification.desktop_notification.win32': Not used on non-Windows systems
[5.566s] INFO:colcon.colcon_notification.desktop_notification:Sending desktop notification using 'notify2'
[5.576s] DEBUG:colcon.colcon_core.event_reactor:joined thread
[5.604s] INFO:colcon.colcon_core.shell:Creating prefix script '/home/hachiya/ros2_ws/install/local_setup.ps1'
[5.605s] INFO:colcon.colcon_core.shell:Creating prefix util module '/home/hachiya/ros2_ws/install/_local_setup_util_ps1.py'
[5.606s] INFO:colcon.colcon_core.shell:Creating prefix chain script '/home/hachiya/ros2_ws/install/setup.ps1'
[5.634s] INFO:colcon.colcon_core.shell:Creating prefix script '/home/hachiya/ros2_ws/install/local_setup.sh'
[5.634s] INFO:colcon.colcon_core.shell:Creating prefix util module '/home/hachiya/ros2_ws/install/_local_setup_util_sh.py'
[5.635s] INFO:colcon.colcon_core.shell:Creating prefix chain script '/home/hachiya/ros2_ws/install/setup.sh'
[5.662s] INFO:colcon.colcon_core.shell:Creating prefix script '/home/hachiya/ros2_ws/install/local_setup.bash'
[5.662s] INFO:colcon.colcon_core.shell:Creating prefix chain script '/home/hachiya/ros2_ws/install/setup.bash'
[5.689s] INFO:colcon.colcon_core.shell:Creating prefix script '/home/hachiya/ros2_ws/install/local_setup.zsh'
[5.690s] INFO:colcon.colcon_core.shell:Creating prefix chain script '/home/hachiya/ros2_ws/install/setup.zsh'
