[0.371s] Invoking command in '/home/hachiya/ros2_ws/build/person_msgs': CMAKE_PREFIX_PATH=/home/hachiya/ros2_ws/install/mypkg:/opt/ros/foxy /usr/bin/cmake /home/hachiya/ros2_ws/src/person_msgs -DCMAKE_INSTALL_PREFIX=/home/hachiya/ros2_ws/install/person_msgs
[0.509s] -- The C compiler identification is GNU 9.4.0
[0.620s] -- The CXX compiler identification is GNU 9.4.0
[0.623s] -- Check for working C compiler: /usr/bin/cc
[0.669s] -- Check for working C compiler: /usr/bin/cc -- works
[0.670s] -- Detecting C compiler ABI info
[0.715s] -- Detecting C compiler ABI info - done
[0.723s] -- Detecting C compile features
[0.724s] -- Detecting C compile features - done
[0.727s] -- Check for working CXX compiler: /usr/bin/c++
[0.781s] -- Check for working CXX compiler: /usr/bin/c++ -- works
[0.782s] -- Detecting CXX compiler ABI info
[0.837s] -- Detecting CXX compiler ABI info - done
[0.846s] -- Detecting CXX compile features
[0.846s] -- Detecting CXX compile features - done
[0.848s] -- Found ament_cmake: 0.9.12 (/opt/ros/foxy/share/ament_cmake/cmake)
[0.863s] -- Found PythonInterp: /usr/bin/python3 (found suitable version "3.8.10", minimum required is "3") 
[0.863s] -- Using PYTHON_EXECUTABLE: /usr/bin/python3
[0.990s] -- Found rosidl_default_generators: 1.0.1 (/opt/ros/foxy/share/rosidl_default_generators/cmake)
[0.992s] -- Using all available rosidl_typesupport_c: rosidl_typesupport_fastrtps_c;rosidl_typesupport_introspection_c
[0.996s] -- Found rosidl_adapter: 1.3.1 (/opt/ros/foxy/share/rosidl_adapter/cmake)
[1.057s] -- Found OpenSSL: /usr/lib/x86_64-linux-gnu/libcrypto.so (found version "1.1.1f")  
[1.074s] -- Found FastRTPS: /opt/ros/foxy/include  
[1.123s] -- Using all available rosidl_typesupport_cpp: rosidl_typesupport_fastrtps_cpp;rosidl_typesupport_introspection_cpp
[1.151s] -- Found PythonInterp: /usr/bin/python3 (found version "3.8.10") 
[1.219s] -- Found ament_cmake_ros: 0.9.2 (/opt/ros/foxy/share/ament_cmake_ros/cmake)
[1.277s] -- Using all available rosidl_typesupport_c: rosidl_typesupport_fastrtps_c;rosidl_typesupport_introspection_c
[1.281s] -- Using all available rosidl_typesupport_cpp: rosidl_typesupport_fastrtps_cpp;rosidl_typesupport_introspection_cpp
[1.296s] -- Found PythonInterp: /usr/bin/python3 (found suitable version "3.8.10", minimum required is "3.5") 
[1.297s] -- Found python_cmake_module: 0.8.1 (/opt/ros/foxy/share/python_cmake_module/cmake)
[1.315s] -- Found PythonLibs: /usr/lib/x86_64-linux-gnu/libpython3.8.so (found suitable version "3.8.10", minimum required is "3.5") 
[1.315s] -- Using PYTHON_EXECUTABLE: /usr/bin/python3
[1.315s] -- Using PYTHON_INCLUDE_DIRS: /usr/include/python3.8
[1.316s] -- Using PYTHON_LIBRARIES: /usr/lib/x86_64-linux-gnu/libpython3.8.so
[1.328s] -- Found PythonExtra: .so  
[1.351s] -- Found ament_lint_auto: 0.9.8 (/opt/ros/foxy/share/ament_lint_auto/cmake)
[1.361s] -- Added test 'copyright' to check source files copyright and LICENSE
[1.362s] -- Added test 'lint_cmake' to check CMake code style
[1.363s] -- Added test 'xmllint' to check XML markup files
[1.365s] -- Configuring done
[1.379s] -- Generating done
[1.381s] -- Build files have been written to: /home/hachiya/ros2_ws/build/person_msgs
[1.387s] Invoked command in '/home/hachiya/ros2_ws/build/person_msgs' returned '0': CMAKE_PREFIX_PATH=/home/hachiya/ros2_ws/install/mypkg:/opt/ros/foxy /usr/bin/cmake /home/hachiya/ros2_ws/src/person_msgs -DCMAKE_INSTALL_PREFIX=/home/hachiya/ros2_ws/install/person_msgs
[1.388s] Invoking command in '/home/hachiya/ros2_ws/build/person_msgs': CMAKE_PREFIX_PATH=/home/hachiya/ros2_ws/install/mypkg:/opt/ros/foxy /usr/bin/cmake --build /home/hachiya/ros2_ws/build/person_msgs -- -j8 -l8
[1.415s] [  3%] [34m[1mGenerating C code for ROS interfaces[0m
[1.415s] [35m[1mScanning dependencies of target person_msgs__cpp[0m
[1.421s] [  6%] [34m[1mGenerating C++ code for ROS interfaces[0m
[1.559s] [35m[1mScanning dependencies of target person_msgs__rosidl_generator_c[0m
[1.562s] [  6%] Built target person_msgs__cpp
[1.569s] [ 12%] [32mBuilding C object CMakeFiles/person_msgs__rosidl_generator_c.dir/rosidl_generator_c/person_msgs/msg/detail/person__functions.c.o[0m
[1.569s] [ 12%] [34m[1mGenerating C++ introspection for ROS interfaces[0m
[1.570s] [ 19%] [34m[1mGenerating C++ type support for eProsima Fast-RTPS[0m
[1.570s] [ 19%] [34m[1mGenerating C++ type support dispatch for ROS interfaces[0m
[1.634s] [ 22%] [32m[1mLinking C shared library libperson_msgs__rosidl_generator_c.so[0m
[1.666s] [ 22%] Built target person_msgs__rosidl_generator_c
[1.676s] [ 25%] [34m[1mGenerating C introspection for ROS interfaces[0m
[1.677s] [ 29%] [34m[1mGenerating C type support dispatch for ROS interfaces[0m
[1.721s] [35m[1mScanning dependencies of target person_msgs__rosidl_typesupport_cpp[0m
[1.737s] [ 32%] [32mBuilding CXX object CMakeFiles/person_msgs__rosidl_typesupport_cpp.dir/rosidl_typesupport_cpp/person_msgs/msg/person__type_support.cpp.o[0m
[1.738s] [35m[1mScanning dependencies of target person_msgs__rosidl_typesupport_fastrtps_cpp[0m
[1.752s] [35m[1mScanning dependencies of target person_msgs__rosidl_typesupport_introspection_cpp[0m
[1.753s] [ 35%] [32mBuilding CXX object CMakeFiles/person_msgs__rosidl_typesupport_fastrtps_cpp.dir/rosidl_typesupport_fastrtps_cpp/person_msgs/msg/detail/dds_fastrtps/person__type_support.cpp.o[0m
[1.762s] [ 38%] [32mBuilding CXX object CMakeFiles/person_msgs__rosidl_typesupport_introspection_cpp.dir/rosidl_typesupport_introspection_cpp/person_msgs/msg/detail/person__type_support.cpp.o[0m
[1.827s] [35m[1mScanning dependencies of target person_msgs__rosidl_typesupport_c[0m
[1.835s] [ 41%] [32mBuilding CXX object CMakeFiles/person_msgs__rosidl_typesupport_c.dir/rosidl_typesupport_c/person_msgs/msg/person__type_support.cpp.o[0m
[1.855s] [ 45%] [32m[1mLinking CXX shared library libperson_msgs__rosidl_typesupport_c.so[0m
[1.855s] [35m[1mScanning dependencies of target person_msgs__rosidl_typesupport_introspection_c[0m
[1.864s] [ 48%] [32mBuilding C object CMakeFiles/person_msgs__rosidl_typesupport_introspection_c.dir/rosidl_typesupport_introspection_c/person_msgs/msg/detail/person__type_support.c.o[0m
[1.884s] [ 48%] Built target person_msgs__rosidl_typesupport_c
[1.889s] [ 51%] [32m[1mLinking C shared library libperson_msgs__rosidl_typesupport_introspection_c.so[0m
[1.910s] [ 51%] Built target person_msgs__rosidl_typesupport_introspection_c
[1.981s] [ 54%] [32m[1mLinking CXX shared library libperson_msgs__rosidl_typesupport_introspection_cpp.so[0m
[2.008s] [ 58%] [32m[1mLinking CXX shared library libperson_msgs__rosidl_typesupport_cpp.so[0m
[2.021s] [ 58%] Built target person_msgs__rosidl_typesupport_introspection_cpp
[2.033s] [ 58%] Built target person_msgs__rosidl_typesupport_cpp
[2.071s] [ 61%] [32m[1mLinking CXX shared library libperson_msgs__rosidl_typesupport_fastrtps_cpp.so[0m
[2.122s] [ 61%] Built target person_msgs__rosidl_typesupport_fastrtps_cpp
[2.129s] [ 64%] [34m[1mGenerating C type support for eProsima Fast-RTPS[0m
[2.256s] [35m[1mScanning dependencies of target person_msgs__rosidl_typesupport_fastrtps_c[0m
[2.265s] [ 67%] [32mBuilding CXX object CMakeFiles/person_msgs__rosidl_typesupport_fastrtps_c.dir/rosidl_typesupport_fastrtps_c/person_msgs/msg/detail/person__type_support_c.cpp.o[0m
[2.456s] [ 70%] [32m[1mLinking CXX shared library libperson_msgs__rosidl_typesupport_fastrtps_c.so[0m
[2.506s] [ 70%] Built target person_msgs__rosidl_typesupport_fastrtps_c
[2.512s] [35m[1mScanning dependencies of target person_msgs[0m
[2.519s] [ 70%] Built target person_msgs
[2.524s] [35m[1mScanning dependencies of target person_msgs__py[0m
[2.531s] [ 74%] [34m[1mGenerating Python code for ROS interfaces[0m
[2.753s] [ 74%] Built target person_msgs__py
[2.759s] [35m[1mScanning dependencies of target person_msgs__python[0m
[2.791s] [ 77%] [32mBuilding C object CMakeFiles/person_msgs__python.dir/rosidl_generator_py/person_msgs/msg/_person_s.c.o[0m
[2.855s] [ 80%] [32m[1mLinking C shared library rosidl_generator_py/person_msgs/libperson_msgs__python.so[0m
[2.879s] [ 80%] Built target person_msgs__python
[2.886s] [35m[1mScanning dependencies of target person_msgs__rosidl_typesupport_c__pyext[0m
[2.886s] [35m[1mScanning dependencies of target person_msgs__rosidl_typesupport_fastrtps_c__pyext[0m
[2.886s] [35m[1mScanning dependencies of target person_msgs__rosidl_typesupport_introspection_c__pyext[0m
[2.899s] [ 87%] [32mBuilding C object CMakeFiles/person_msgs__rosidl_typesupport_introspection_c__pyext.dir/rosidl_generator_py/person_msgs/_person_msgs_s.ep.rosidl_typesupport_introspection_c.c.o[0m
[2.899s] [ 87%] [32mBuilding C object CMakeFiles/person_msgs__rosidl_typesupport_fastrtps_c__pyext.dir/rosidl_generator_py/person_msgs/_person_msgs_s.ep.rosidl_typesupport_fastrtps_c.c.o[0m
[2.900s] [ 90%] [32mBuilding C object CMakeFiles/person_msgs__rosidl_typesupport_c__pyext.dir/rosidl_generator_py/person_msgs/_person_msgs_s.ep.rosidl_typesupport_c.c.o[0m
[2.947s] [ 93%] [32m[1mLinking C shared library rosidl_generator_py/person_msgs/person_msgs_s__rosidl_typesupport_introspection_c.cpython-38-x86_64-linux-gnu.so[0m
[2.947s] [ 96%] [32m[1mLinking CXX shared library rosidl_generator_py/person_msgs/person_msgs_s__rosidl_typesupport_fastrtps_c.cpython-38-x86_64-linux-gnu.so[0m
[2.948s] [100%] [32m[1mLinking C shared library rosidl_generator_py/person_msgs/person_msgs_s__rosidl_typesupport_c.cpython-38-x86_64-linux-gnu.so[0m
[2.969s] [100%] Built target person_msgs__rosidl_typesupport_c__pyext
[2.969s] [100%] Built target person_msgs__rosidl_typesupport_introspection_c__pyext
[2.986s] [100%] Built target person_msgs__rosidl_typesupport_fastrtps_c__pyext
[2.994s] Invoked command in '/home/hachiya/ros2_ws/build/person_msgs' returned '0': CMAKE_PREFIX_PATH=/home/hachiya/ros2_ws/install/mypkg:/opt/ros/foxy /usr/bin/cmake --build /home/hachiya/ros2_ws/build/person_msgs -- -j8 -l8
[3.027s] Invoking command in '/home/hachiya/ros2_ws/build/person_msgs': CMAKE_PREFIX_PATH=/home/hachiya/ros2_ws/install/mypkg:/opt/ros/foxy /usr/bin/cmake --install /home/hachiya/ros2_ws/build/person_msgs
[3.033s] -- Install configuration: ""
[3.033s] -- Installing: /home/hachiya/ros2_ws/install/person_msgs/share/ament_index/resource_index/rosidl_interfaces/person_msgs
[3.033s] -- Installing: /home/hachiya/ros2_ws/install/person_msgs/include/person_msgs
[3.034s] -- Installing: /home/hachiya/ros2_ws/install/person_msgs/include/person_msgs/msg
[3.034s] -- Installing: /home/hachiya/ros2_ws/install/person_msgs/include/person_msgs/msg/detail
[3.034s] -- Installing: /home/hachiya/ros2_ws/install/person_msgs/include/person_msgs/msg/detail/person__functions.h
[3.034s] -- Installing: /home/hachiya/ros2_ws/install/person_msgs/include/person_msgs/msg/detail/person__functions.c
[3.034s] -- Installing: /home/hachiya/ros2_ws/install/person_msgs/include/person_msgs/msg/detail/person__struct.h
[3.034s] -- Installing: /home/hachiya/ros2_ws/install/person_msgs/include/person_msgs/msg/detail/person__type_support.h
[3.034s] -- Installing: /home/hachiya/ros2_ws/install/person_msgs/include/person_msgs/msg/person.h
[3.034s] -- Installing: /home/hachiya/ros2_ws/install/person_msgs/include/person_msgs/msg/rosidl_generator_c__visibility_control.h
[3.034s] -- Installing: /home/hachiya/ros2_ws/install/person_msgs/share/person_msgs/environment/library_path.sh
[3.034s] -- Installing: /home/hachiya/ros2_ws/install/person_msgs/share/person_msgs/environment/library_path.dsv
[3.034s] -- Installing: /home/hachiya/ros2_ws/install/person_msgs/lib/libperson_msgs__rosidl_generator_c.so
[3.034s] -- Set runtime path of "/home/hachiya/ros2_ws/install/person_msgs/lib/libperson_msgs__rosidl_generator_c.so" to ""
[3.034s] -- Up-to-date: /home/hachiya/ros2_ws/install/person_msgs/include/person_msgs
[3.034s] -- Up-to-date: /home/hachiya/ros2_ws/install/person_msgs/include/person_msgs/msg
[3.034s] -- Up-to-date: /home/hachiya/ros2_ws/install/person_msgs/include/person_msgs/msg/detail
[3.034s] -- Installing: /home/hachiya/ros2_ws/install/person_msgs/include/person_msgs/msg/detail/person__rosidl_typesupport_fastrtps_c.h
[3.034s] -- Installing: /home/hachiya/ros2_ws/install/person_msgs/include/person_msgs/msg/rosidl_typesupport_fastrtps_c__visibility_control.h
[3.034s] -- Installing: /home/hachiya/ros2_ws/install/person_msgs/lib/libperson_msgs__rosidl_typesupport_fastrtps_c.so
[3.035s] -- Set runtime path of "/home/hachiya/ros2_ws/install/person_msgs/lib/libperson_msgs__rosidl_typesupport_fastrtps_c.so" to ""
[3.035s] -- Up-to-date: /home/hachiya/ros2_ws/install/person_msgs/include/person_msgs
[3.035s] -- Up-to-date: /home/hachiya/ros2_ws/install/person_msgs/include/person_msgs/msg
[3.035s] -- Up-to-date: /home/hachiya/ros2_ws/install/person_msgs/include/person_msgs/msg/detail
[3.035s] -- Installing: /home/hachiya/ros2_ws/install/person_msgs/include/person_msgs/msg/detail/dds_fastrtps
[3.035s] -- Installing: /home/hachiya/ros2_ws/install/person_msgs/include/person_msgs/msg/detail/person__rosidl_typesupport_fastrtps_cpp.hpp
[3.035s] -- Installing: /home/hachiya/ros2_ws/install/person_msgs/include/person_msgs/msg/rosidl_typesupport_fastrtps_cpp__visibility_control.h
[3.035s] -- Installing: /home/hachiya/ros2_ws/install/person_msgs/lib/libperson_msgs__rosidl_typesupport_fastrtps_cpp.so
[3.035s] -- Set runtime path of "/home/hachiya/ros2_ws/install/person_msgs/lib/libperson_msgs__rosidl_typesupport_fastrtps_cpp.so" to ""
[3.035s] -- Up-to-date: /home/hachiya/ros2_ws/install/person_msgs/include/person_msgs
[3.035s] -- Up-to-date: /home/hachiya/ros2_ws/install/person_msgs/include/person_msgs/msg
[3.035s] -- Up-to-date: /home/hachiya/ros2_ws/install/person_msgs/include/person_msgs/msg/detail
[3.035s] -- Installing: /home/hachiya/ros2_ws/install/person_msgs/include/person_msgs/msg/detail/person__type_support.c
[3.035s] -- Installing: /home/hachiya/ros2_ws/install/person_msgs/include/person_msgs/msg/detail/person__rosidl_typesupport_introspection_c.h
[3.035s] -- Installing: /home/hachiya/ros2_ws/install/person_msgs/include/person_msgs/msg/rosidl_typesupport_introspection_c__visibility_control.h
[3.035s] -- Installing: /home/hachiya/ros2_ws/install/person_msgs/lib/libperson_msgs__rosidl_typesupport_introspection_c.so
[3.036s] -- Set runtime path of "/home/hachiya/ros2_ws/install/person_msgs/lib/libperson_msgs__rosidl_typesupport_introspection_c.so" to ""
[3.036s] -- Installing: /home/hachiya/ros2_ws/install/person_msgs/lib/libperson_msgs__rosidl_typesupport_c.so
[3.036s] -- Set runtime path of "/home/hachiya/ros2_ws/install/person_msgs/lib/libperson_msgs__rosidl_typesupport_c.so" to ""
[3.036s] -- Up-to-date: /home/hachiya/ros2_ws/install/person_msgs/include/person_msgs
[3.036s] -- Up-to-date: /home/hachiya/ros2_ws/install/person_msgs/include/person_msgs/msg
[3.036s] -- Installing: /home/hachiya/ros2_ws/install/person_msgs/include/person_msgs/msg/rosidl_generator_cpp__visibility_control.hpp
[3.036s] -- Up-to-date: /home/hachiya/ros2_ws/install/person_msgs/include/person_msgs/msg/detail
[3.036s] -- Installing: /home/hachiya/ros2_ws/install/person_msgs/include/person_msgs/msg/detail/person__type_support.hpp
[3.036s] -- Installing: /home/hachiya/ros2_ws/install/person_msgs/include/person_msgs/msg/detail/person__traits.hpp
[3.036s] -- Installing: /home/hachiya/ros2_ws/install/person_msgs/include/person_msgs/msg/detail/person__builder.hpp
[3.036s] -- Installing: /home/hachiya/ros2_ws/install/person_msgs/include/person_msgs/msg/detail/person__struct.hpp
[3.036s] -- Installing: /home/hachiya/ros2_ws/install/person_msgs/include/person_msgs/msg/person.hpp
[3.036s] -- Up-to-date: /home/hachiya/ros2_ws/install/person_msgs/include/person_msgs
[3.036s] -- Up-to-date: /home/hachiya/ros2_ws/install/person_msgs/include/person_msgs/msg
[3.036s] -- Up-to-date: /home/hachiya/ros2_ws/install/person_msgs/include/person_msgs/msg/detail
[3.036s] -- Installing: /home/hachiya/ros2_ws/install/person_msgs/include/person_msgs/msg/detail/person__type_support.cpp
[3.036s] -- Installing: /home/hachiya/ros2_ws/install/person_msgs/include/person_msgs/msg/detail/person__rosidl_typesupport_introspection_cpp.hpp
[3.036s] -- Installing: /home/hachiya/ros2_ws/install/person_msgs/lib/libperson_msgs__rosidl_typesupport_introspection_cpp.so
[3.037s] -- Set runtime path of "/home/hachiya/ros2_ws/install/person_msgs/lib/libperson_msgs__rosidl_typesupport_introspection_cpp.so" to ""
[3.037s] -- Installing: /home/hachiya/ros2_ws/install/person_msgs/lib/libperson_msgs__rosidl_typesupport_cpp.so
[3.037s] -- Set runtime path of "/home/hachiya/ros2_ws/install/person_msgs/lib/libperson_msgs__rosidl_typesupport_cpp.so" to ""
[3.037s] -- Installing: /home/hachiya/ros2_ws/install/person_msgs/share/person_msgs/environment/pythonpath.sh
[3.037s] -- Installing: /home/hachiya/ros2_ws/install/person_msgs/share/person_msgs/environment/pythonpath.dsv
[3.037s] -- Installing: /home/hachiya/ros2_ws/install/person_msgs/lib/python3.8/site-packages/person_msgs/__init__.py
[3.056s] Compiling '/home/hachiya/ros2_ws/install/person_msgs/lib/python3.8/site-packages/person_msgs/__init__.py'...
[3.058s] -- Installing: /home/hachiya/ros2_ws/install/person_msgs/lib/python3.8/site-packages/person_msgs/msg
[3.058s] -- Installing: /home/hachiya/ros2_ws/install/person_msgs/lib/python3.8/site-packages/person_msgs/msg/__init__.py
[3.058s] -- Installing: /home/hachiya/ros2_ws/install/person_msgs/lib/python3.8/site-packages/person_msgs/msg/_person.py
[3.058s] -- Installing: /home/hachiya/ros2_ws/install/person_msgs/lib/python3.8/site-packages/person_msgs/msg/_person_s.c
[3.058s] -- Installing: /home/hachiya/ros2_ws/install/person_msgs/lib/python3.8/site-packages/person_msgs/person_msgs_s__rosidl_typesupport_fastrtps_c.cpython-38-x86_64-linux-gnu.so
[3.058s] -- Set runtime path of "/home/hachiya/ros2_ws/install/person_msgs/lib/python3.8/site-packages/person_msgs/person_msgs_s__rosidl_typesupport_fastrtps_c.cpython-38-x86_64-linux-gnu.so" to ""
[3.059s] -- Installing: /home/hachiya/ros2_ws/install/person_msgs/lib/python3.8/site-packages/person_msgs/person_msgs_s__rosidl_typesupport_introspection_c.cpython-38-x86_64-linux-gnu.so
[3.059s] -- Set runtime path of "/home/hachiya/ros2_ws/install/person_msgs/lib/python3.8/site-packages/person_msgs/person_msgs_s__rosidl_typesupport_introspection_c.cpython-38-x86_64-linux-gnu.so" to ""
[3.059s] -- Installing: /home/hachiya/ros2_ws/install/person_msgs/lib/python3.8/site-packages/person_msgs/person_msgs_s__rosidl_typesupport_c.cpython-38-x86_64-linux-gnu.so
[3.059s] -- Set runtime path of "/home/hachiya/ros2_ws/install/person_msgs/lib/python3.8/site-packages/person_msgs/person_msgs_s__rosidl_typesupport_c.cpython-38-x86_64-linux-gnu.so" to ""
[3.060s] -- Installing: /home/hachiya/ros2_ws/install/person_msgs/lib/libperson_msgs__python.so
[3.060s] -- Set runtime path of "/home/hachiya/ros2_ws/install/person_msgs/lib/libperson_msgs__python.so" to ""
[3.060s] -- Installing: /home/hachiya/ros2_ws/install/person_msgs/share/person_msgs/msg/Person.idl
[3.060s] -- Installing: /home/hachiya/ros2_ws/install/person_msgs/share/person_msgs/msg/Person.msg
[3.060s] -- Installing: /home/hachiya/ros2_ws/install/person_msgs/share/ament_index/resource_index/package_run_dependencies/person_msgs
[3.060s] -- Installing: /home/hachiya/ros2_ws/install/person_msgs/share/ament_index/resource_index/parent_prefix_path/person_msgs
[3.060s] -- Installing: /home/hachiya/ros2_ws/install/person_msgs/share/person_msgs/environment/ament_prefix_path.sh
[3.060s] -- Installing: /home/hachiya/ros2_ws/install/person_msgs/share/person_msgs/environment/ament_prefix_path.dsv
[3.060s] -- Installing: /home/hachiya/ros2_ws/install/person_msgs/share/person_msgs/environment/path.sh
[3.060s] -- Installing: /home/hachiya/ros2_ws/install/person_msgs/share/person_msgs/environment/path.dsv
[3.060s] -- Installing: /home/hachiya/ros2_ws/install/person_msgs/share/person_msgs/local_setup.bash
[3.060s] -- Installing: /home/hachiya/ros2_ws/install/person_msgs/share/person_msgs/local_setup.sh
[3.060s] -- Installing: /home/hachiya/ros2_ws/install/person_msgs/share/person_msgs/local_setup.zsh
[3.060s] -- Installing: /home/hachiya/ros2_ws/install/person_msgs/share/person_msgs/local_setup.dsv
[3.060s] -- Installing: /home/hachiya/ros2_ws/install/person_msgs/share/person_msgs/package.dsv
[3.060s] -- Installing: /home/hachiya/ros2_ws/install/person_msgs/share/ament_index/resource_index/packages/person_msgs
[3.061s] -- Installing: /home/hachiya/ros2_ws/install/person_msgs/share/person_msgs/cmake/person_msgs__rosidl_generator_cExport.cmake
[3.061s] -- Installing: /home/hachiya/ros2_ws/install/person_msgs/share/person_msgs/cmake/person_msgs__rosidl_generator_cExport-noconfig.cmake
[3.061s] -- Installing: /home/hachiya/ros2_ws/install/person_msgs/share/person_msgs/cmake/person_msgs__rosidl_typesupport_introspection_cExport.cmake
[3.061s] -- Installing: /home/hachiya/ros2_ws/install/person_msgs/share/person_msgs/cmake/person_msgs__rosidl_typesupport_introspection_cExport-noconfig.cmake
[3.061s] -- Installing: /home/hachiya/ros2_ws/install/person_msgs/share/person_msgs/cmake/person_msgs__rosidl_typesupport_cExport.cmake
[3.061s] -- Installing: /home/hachiya/ros2_ws/install/person_msgs/share/person_msgs/cmake/person_msgs__rosidl_typesupport_cExport-noconfig.cmake
[3.061s] -- Installing: /home/hachiya/ros2_ws/install/person_msgs/share/person_msgs/cmake/person_msgs__rosidl_generator_cppExport.cmake
[3.061s] -- Installing: /home/hachiya/ros2_ws/install/person_msgs/share/person_msgs/cmake/person_msgs__rosidl_typesupport_introspection_cppExport.cmake
[3.061s] -- Installing: /home/hachiya/ros2_ws/install/person_msgs/share/person_msgs/cmake/person_msgs__rosidl_typesupport_introspection_cppExport-noconfig.cmake
[3.061s] -- Installing: /home/hachiya/ros2_ws/install/person_msgs/share/person_msgs/cmake/person_msgs__rosidl_typesupport_cppExport.cmake
[3.061s] -- Installing: /home/hachiya/ros2_ws/install/person_msgs/share/person_msgs/cmake/person_msgs__rosidl_typesupport_cppExport-noconfig.cmake
[3.061s] -- Installing: /home/hachiya/ros2_ws/install/person_msgs/share/person_msgs/cmake/rosidl_cmake-extras.cmake
[3.062s] -- Installing: /home/hachiya/ros2_ws/install/person_msgs/share/person_msgs/cmake/ament_cmake_export_dependencies-extras.cmake
[3.062s] -- Installing: /home/hachiya/ros2_ws/install/person_msgs/share/person_msgs/cmake/ament_cmake_export_libraries-extras.cmake
[3.062s] -- Installing: /home/hachiya/ros2_ws/install/person_msgs/share/person_msgs/cmake/ament_cmake_export_targets-extras.cmake
[3.062s] -- Installing: /home/hachiya/ros2_ws/install/person_msgs/share/person_msgs/cmake/ament_cmake_export_include_directories-extras.cmake
[3.062s] -- Installing: /home/hachiya/ros2_ws/install/person_msgs/share/person_msgs/cmake/rosidl_cmake_export_typesupport_libraries-extras.cmake
[3.062s] -- Installing: /home/hachiya/ros2_ws/install/person_msgs/share/person_msgs/cmake/rosidl_cmake_export_typesupport_targets-extras.cmake
[3.062s] -- Installing: /home/hachiya/ros2_ws/install/person_msgs/share/person_msgs/cmake/person_msgsConfig.cmake
[3.062s] -- Installing: /home/hachiya/ros2_ws/install/person_msgs/share/person_msgs/cmake/person_msgsConfig-version.cmake
[3.062s] -- Installing: /home/hachiya/ros2_ws/install/person_msgs/share/person_msgs/package.xml
[3.064s] Invoked command in '/home/hachiya/ros2_ws/build/person_msgs' returned '0': CMAKE_PREFIX_PATH=/home/hachiya/ros2_ws/install/mypkg:/opt/ros/foxy /usr/bin/cmake --install /home/hachiya/ros2_ws/build/person_msgs
