[0.892s] Invoking command in '/home/hachiya/ros2_ws/src/mypkg': PYTHONPATH=/home/hachiya/ros2_ws/build/mypkg/prefix_override:/home/hachiya/ros2_ws/install/mypkg/lib/python3.8/site-packages:${PYTHONPATH} /usr/bin/python3 setup.py egg_info --egg-base ../../build/mypkg build --build-base /home/hachiya/ros2_ws/build/mypkg/build install --record /home/hachiya/ros2_ws/build/mypkg/install.log --install-scripts $base/lib/mypkg --single-version-externally-managed
[1.030s] running egg_info
[1.030s] writing ../../build/mypkg/mypkg.egg-info/PKG-INFO
[1.030s] writing dependency_links to ../../build/mypkg/mypkg.egg-info/dependency_links.txt
[1.031s] writing entry points to ../../build/mypkg/mypkg.egg-info/entry_points.txt
[1.032s] writing requirements to ../../build/mypkg/mypkg.egg-info/requires.txt
[1.033s] writing top-level names to ../../build/mypkg/mypkg.egg-info/top_level.txt
[1.052s] reading manifest file '../../build/mypkg/mypkg.egg-info/SOURCES.txt'
[1.054s] writing manifest file '../../build/mypkg/mypkg.egg-info/SOURCES.txt'
[1.054s] running build
[1.054s] running build_py
[1.055s] running install
[1.055s] running install_lib
[1.055s] running install_data
[1.055s] running install_egg_info
[1.056s] removing '/home/hachiya/ros2_ws/install/mypkg/lib/python3.8/site-packages/mypkg-0.0.0-py3.8.egg-info' (and everything under it)
[1.056s] Copying ../../build/mypkg/mypkg.egg-info to /home/hachiya/ros2_ws/install/mypkg/lib/python3.8/site-packages/mypkg-0.0.0-py3.8.egg-info
[1.056s] running install_scripts
[1.068s] Installing listener script to /home/hachiya/ros2_ws/install/mypkg/lib/mypkg
[1.069s] Installing talker script to /home/hachiya/ros2_ws/install/mypkg/lib/mypkg
[1.069s] writing list of installed files to '/home/hachiya/ros2_ws/build/mypkg/install.log'
[1.114s] Invoked command in '/home/hachiya/ros2_ws/src/mypkg' returned '0': PYTHONPATH=/home/hachiya/ros2_ws/build/mypkg/prefix_override:/home/hachiya/ros2_ws/install/mypkg/lib/python3.8/site-packages:${PYTHONPATH} /usr/bin/python3 setup.py egg_info --egg-base ../../build/mypkg build --build-base /home/hachiya/ros2_ws/build/mypkg/build install --record /home/hachiya/ros2_ws/build/mypkg/install.log --install-scripts $base/lib/mypkg --single-version-externally-managed
