[0.876s] Invoking command in '/home/hachiya/ros2_ws/src/mypkg': PYTHONPATH=/home/hachiya/ros2_ws/build/mypkg/prefix_override:/home/hachiya/ros2_ws/install/mypkg/lib/python3.8/site-packages:${PYTHONPATH} /usr/bin/python3 setup.py egg_info --egg-base ../../build/mypkg build --build-base /home/hachiya/ros2_ws/build/mypkg/build install --record /home/hachiya/ros2_ws/build/mypkg/install.log --install-scripts $base/lib/mypkg --single-version-externally-managed
[1.010s] running egg_info
[1.011s] writing ../../build/mypkg/mypkg.egg-info/PKG-INFO
[1.011s] writing dependency_links to ../../build/mypkg/mypkg.egg-info/dependency_links.txt
[1.011s] writing entry points to ../../build/mypkg/mypkg.egg-info/entry_points.txt
[1.013s] writing requirements to ../../build/mypkg/mypkg.egg-info/requires.txt
[1.014s] writing top-level names to ../../build/mypkg/mypkg.egg-info/top_level.txt
[1.034s] reading manifest file '../../build/mypkg/mypkg.egg-info/SOURCES.txt'
[1.035s] writing manifest file '../../build/mypkg/mypkg.egg-info/SOURCES.txt'
[1.036s] running build
[1.036s] running build_py
[1.036s] running install
[1.036s] running install_lib
[1.038s] running install_data
[1.039s] running install_egg_info
[1.039s] removing '/home/hachiya/ros2_ws/install/mypkg/lib/python3.8/site-packages/mypkg-0.0.0-py3.8.egg-info' (and everything under it)
[1.040s] Copying ../../build/mypkg/mypkg.egg-info to /home/hachiya/ros2_ws/install/mypkg/lib/python3.8/site-packages/mypkg-0.0.0-py3.8.egg-info
[1.040s] running install_scripts
[1.050s] Installing listener script to /home/hachiya/ros2_ws/install/mypkg/lib/mypkg
[1.051s] Installing talker script to /home/hachiya/ros2_ws/install/mypkg/lib/mypkg
[1.052s] writing list of installed files to '/home/hachiya/ros2_ws/build/mypkg/install.log'
[1.112s] Invoked command in '/home/hachiya/ros2_ws/src/mypkg' returned '0': PYTHONPATH=/home/hachiya/ros2_ws/build/mypkg/prefix_override:/home/hachiya/ros2_ws/install/mypkg/lib/python3.8/site-packages:${PYTHONPATH} /usr/bin/python3 setup.py egg_info --egg-base ../../build/mypkg build --build-base /home/hachiya/ros2_ws/build/mypkg/build install --record /home/hachiya/ros2_ws/build/mypkg/install.log --install-scripts $base/lib/mypkg --single-version-externally-managed
