[0.373s] Invoking command in '/home/hachiya/ros2_ws/build/person_msgs': CMAKE_PREFIX_PATH=${CMAKE_PREFIX_PATH}:/home/hachiya/ros2_ws/install/mypkg:/opt/ros/foxy /usr/bin/cmake --build /home/hachiya/ros2_ws/build/person_msgs -- -j8 -l8
[0.391s] -- Found ament_cmake: 0.9.12 (/opt/ros/foxy/share/ament_cmake/cmake)
[0.406s] -- Found PythonInterp: /usr/bin/python3 (found suitable version "3.8.10", minimum required is "3") 
[0.406s] -- Using PYTHON_EXECUTABLE: /usr/bin/python3
[0.525s] -- Found rosidl_default_generators: 1.0.1 (/opt/ros/foxy/share/rosidl_default_generators/cmake)
[0.526s] -- Using all available rosidl_typesupport_c: rosidl_typesupport_fastrtps_c;rosidl_typesupport_introspection_c
[0.528s] -- Found rosidl_adapter: 1.3.1 (/opt/ros/foxy/share/rosidl_adapter/cmake)
[0.616s] -- Using all available rosidl_typesupport_cpp: rosidl_typesupport_fastrtps_cpp;rosidl_typesupport_introspection_cpp
[0.630s] CMake Error at /opt/ros/foxy/share/rosidl_cmake/cmake/rosidl_generate_interfaces.cmake:93 (message):
[0.630s]   rosidl_generate_interfaces() the passed file 'srv/Query.srv' doesn't exist
[0.631s]   relative to the CMAKE_CURRENT_SOURCE_DIR
[0.631s]   '/home/hachiya/ros2_ws/src/person_msgs'
[0.631s] Call Stack (most recent call first):
[0.631s]   CMakeLists.txt:24 (rosidl_generate_interfaces)
[0.631s] 
[0.631s] 
[0.631s] -- Configuring incomplete, errors occurred!
[0.631s] See also "/home/hachiya/ros2_ws/build/person_msgs/CMakeFiles/CMakeOutput.log".
[0.635s] make: *** [Makefile:748: cmake_check_build_system] エラー 1
[0.637s] Invoked command in '/home/hachiya/ros2_ws/build/person_msgs' returned '2': CMAKE_PREFIX_PATH=${CMAKE_PREFIX_PATH}:/home/hachiya/ros2_ws/install/mypkg:/opt/ros/foxy /usr/bin/cmake --build /home/hachiya/ros2_ws/build/person_msgs -- -j8 -l8
