[0.964s] Invoking command in '/home/hachiya/ros2_ws/src/mypkg': PYTHONPATH=/home/hachiya/ros2_ws/build/mypkg/prefix_override:/home/hachiya/ros2_ws/install/mypkg/lib/python3.8/site-packages:${PYTHONPATH} /usr/bin/python3 setup.py egg_info --egg-base ../../build/mypkg build --build-base /home/hachiya/ros2_ws/build/mypkg/build install --record /home/hachiya/ros2_ws/build/mypkg/install.log --install-scripts $base/lib/mypkg --single-version-externally-managed
[1.100s] running egg_info
[1.100s] writing ../../build/mypkg/mypkg.egg-info/PKG-INFO
[1.100s] writing dependency_links to ../../build/mypkg/mypkg.egg-info/dependency_links.txt
[1.100s] writing entry points to ../../build/mypkg/mypkg.egg-info/entry_points.txt
[1.100s] writing requirements to ../../build/mypkg/mypkg.egg-info/requires.txt
[1.100s] writing top-level names to ../../build/mypkg/mypkg.egg-info/top_level.txt
[1.124s] reading manifest file '../../build/mypkg/mypkg.egg-info/SOURCES.txt'
[1.124s] writing manifest file '../../build/mypkg/mypkg.egg-info/SOURCES.txt'
[1.124s] running build
[1.124s] running build_py
[1.124s] copying mypkg/talker.py -> /home/hachiya/ros2_ws/build/mypkg/build/lib/mypkg
[1.124s] copying mypkg/listener.py -> /home/hachiya/ros2_ws/build/mypkg/build/lib/mypkg
[1.124s] running install
[1.125s] running install_lib
[1.125s] copying /home/hachiya/ros2_ws/build/mypkg/build/lib/mypkg/talker.py -> /home/hachiya/ros2_ws/install/mypkg/lib/python3.8/site-packages/mypkg
[1.125s] copying /home/hachiya/ros2_ws/build/mypkg/build/lib/mypkg/listener.py -> /home/hachiya/ros2_ws/install/mypkg/lib/python3.8/site-packages/mypkg
[1.125s] byte-compiling /home/hachiya/ros2_ws/install/mypkg/lib/python3.8/site-packages/mypkg/talker.py to talker.cpython-38.pyc
[1.127s] byte-compiling /home/hachiya/ros2_ws/install/mypkg/lib/python3.8/site-packages/mypkg/listener.py to listener.cpython-38.pyc
[1.127s] running install_data
[1.127s] copying launch/talk_listen.launch.py -> /home/hachiya/ros2_ws/install/mypkg/share/mypkg
[1.127s] running install_egg_info
[1.128s] removing '/home/hachiya/ros2_ws/install/mypkg/lib/python3.8/site-packages/mypkg-0.0.0-py3.8.egg-info' (and everything under it)
[1.128s] Copying ../../build/mypkg/mypkg.egg-info to /home/hachiya/ros2_ws/install/mypkg/lib/python3.8/site-packages/mypkg-0.0.0-py3.8.egg-info
[1.129s] running install_scripts
[1.140s] Installing listener script to /home/hachiya/ros2_ws/install/mypkg/lib/mypkg
[1.140s] Installing talker script to /home/hachiya/ros2_ws/install/mypkg/lib/mypkg
[1.140s] writing list of installed files to '/home/hachiya/ros2_ws/build/mypkg/install.log'
[1.242s] Invoked command in '/home/hachiya/ros2_ws/src/mypkg' returned '0': PYTHONPATH=/home/hachiya/ros2_ws/build/mypkg/prefix_override:/home/hachiya/ros2_ws/install/mypkg/lib/python3.8/site-packages:${PYTHONPATH} /usr/bin/python3 setup.py egg_info --egg-base ../../build/mypkg build --build-base /home/hachiya/ros2_ws/build/mypkg/build install --record /home/hachiya/ros2_ws/build/mypkg/install.log --install-scripts $base/lib/mypkg --single-version-externally-managed
