[0.481s] Invoking command in '/home/hachiya/ros2_ws/src/mypkg': PYTHONPATH=/home/hachiya/ros2_ws/build/mypkg/prefix_override:/home/hachiya/ros2_ws/install/mypkg/lib/python3.8/site-packages:${PYTHONPATH} /usr/bin/python3 setup.py egg_info --egg-base ../../build/mypkg build --build-base /home/hachiya/ros2_ws/build/mypkg/build install --record /home/hachiya/ros2_ws/build/mypkg/install.log --install-scripts $base/lib/mypkg --single-version-externally-managed
[0.609s] running egg_info
[0.610s] creating ../../build/mypkg/mypkg.egg-info
[0.610s] writing ../../build/mypkg/mypkg.egg-info/PKG-INFO
[0.610s] writing dependency_links to ../../build/mypkg/mypkg.egg-info/dependency_links.txt
[0.610s] writing entry points to ../../build/mypkg/mypkg.egg-info/entry_points.txt
[0.610s] writing requirements to ../../build/mypkg/mypkg.egg-info/requires.txt
[0.610s] writing top-level names to ../../build/mypkg/mypkg.egg-info/top_level.txt
[0.611s] writing manifest file '../../build/mypkg/mypkg.egg-info/SOURCES.txt'
[0.630s] reading manifest file '../../build/mypkg/mypkg.egg-info/SOURCES.txt'
[0.631s] writing manifest file '../../build/mypkg/mypkg.egg-info/SOURCES.txt'
[0.631s] running build
[0.631s] running build_py
[0.631s] creating /home/hachiya/ros2_ws/build/mypkg/build
[0.631s] creating /home/hachiya/ros2_ws/build/mypkg/build/lib
[0.631s] creating /home/hachiya/ros2_ws/build/mypkg/build/lib/mypkg
[0.631s] copying mypkg/__init__.py -> /home/hachiya/ros2_ws/build/mypkg/build/lib/mypkg
[0.631s] running install
[0.632s] running install_lib
[0.632s] creating /home/hachiya/ros2_ws/install/mypkg/lib/python3.8/site-packages/mypkg
[0.632s] copying /home/hachiya/ros2_ws/build/mypkg/build/lib/mypkg/__init__.py -> /home/hachiya/ros2_ws/install/mypkg/lib/python3.8/site-packages/mypkg
[0.633s] byte-compiling /home/hachiya/ros2_ws/install/mypkg/lib/python3.8/site-packages/mypkg/__init__.py to __init__.cpython-38.pyc
[0.633s] running install_data
[0.634s] creating /home/hachiya/ros2_ws/install/mypkg/share
[0.634s] creating /home/hachiya/ros2_ws/install/mypkg/share/ament_index
[0.634s] creating /home/hachiya/ros2_ws/install/mypkg/share/ament_index/resource_index
[0.634s] creating /home/hachiya/ros2_ws/install/mypkg/share/ament_index/resource_index/packages
[0.634s] copying resource/mypkg -> /home/hachiya/ros2_ws/install/mypkg/share/ament_index/resource_index/packages
[0.634s] creating /home/hachiya/ros2_ws/install/mypkg/share/mypkg
[0.634s] copying package.xml -> /home/hachiya/ros2_ws/install/mypkg/share/mypkg
[0.635s] running install_egg_info
[0.636s] Copying ../../build/mypkg/mypkg.egg-info to /home/hachiya/ros2_ws/install/mypkg/lib/python3.8/site-packages/mypkg-0.0.0-py3.8.egg-info
[0.636s] running install_scripts
[0.646s] writing list of installed files to '/home/hachiya/ros2_ws/build/mypkg/install.log'
[0.659s] Invoked command in '/home/hachiya/ros2_ws/src/mypkg' returned '0': PYTHONPATH=/home/hachiya/ros2_ws/build/mypkg/prefix_override:/home/hachiya/ros2_ws/install/mypkg/lib/python3.8/site-packages:${PYTHONPATH} /usr/bin/python3 setup.py egg_info --egg-base ../../build/mypkg build --build-base /home/hachiya/ros2_ws/build/mypkg/build install --record /home/hachiya/ros2_ws/build/mypkg/install.log --install-scripts $base/lib/mypkg --single-version-externally-managed
