[0.375s] Invoking command in '/home/hachiya/ros2_ws/build/person_msgs': CMAKE_PREFIX_PATH=${CMAKE_PREFIX_PATH}:/home/hachiya/ros2_ws/install/mypkg:/opt/ros/foxy /usr/bin/cmake --build /home/hachiya/ros2_ws/build/person_msgs -- -j8 -l8
[0.390s] -- Found ament_cmake: 0.9.12 (/opt/ros/foxy/share/ament_cmake/cmake)
[0.406s] -- Found PythonInterp: /usr/bin/python3 (found suitable version "3.8.10", minimum required is "3") 
[0.406s] -- Using PYTHON_EXECUTABLE: /usr/bin/python3
[0.526s] -- Found rosidl_default_generators: 1.0.1 (/opt/ros/foxy/share/rosidl_default_generators/cmake)
[0.527s] -- Using all available rosidl_typesupport_c: rosidl_typesupport_fastrtps_c;rosidl_typesupport_introspection_c
[0.529s] -- Found rosidl_adapter: 1.3.1 (/opt/ros/foxy/share/rosidl_adapter/cmake)
[0.618s] -- Using all available rosidl_typesupport_cpp: rosidl_typesupport_fastrtps_cpp;rosidl_typesupport_introspection_cpp
[0.647s] -- Found PythonInterp: /usr/bin/python3 (found version "3.8.10") 
[0.727s] -- Found ament_cmake_ros: 0.9.2 (/opt/ros/foxy/share/ament_cmake_ros/cmake)
[0.789s] -- Using all available rosidl_typesupport_c: rosidl_typesupport_fastrtps_c;rosidl_typesupport_introspection_c
[0.793s] -- Using all available rosidl_typesupport_cpp: rosidl_typesupport_fastrtps_cpp;rosidl_typesupport_introspection_cpp
[0.810s] -- Found PythonInterp: /usr/bin/python3 (found suitable version "3.8.10", minimum required is "3.5") 
[0.810s] -- Found python_cmake_module: 0.8.1 (/opt/ros/foxy/share/python_cmake_module/cmake)
[0.826s] -- Using PYTHON_EXECUTABLE: /usr/bin/python3
[0.826s] -- Using PYTHON_INCLUDE_DIRS: /usr/include/python3.8
[0.826s] -- Using PYTHON_LIBRARIES: /usr/lib/x86_64-linux-gnu/libpython3.8.so
[0.835s] -- Found ament_lint_auto: 0.9.8 (/opt/ros/foxy/share/ament_lint_auto/cmake)
[0.840s] -- Added test 'copyright' to check source files copyright and LICENSE
[0.841s] -- Added test 'lint_cmake' to check CMake code style
[0.842s] -- Added test 'xmllint' to check XML markup files
[0.844s] -- Configuring done
[0.866s] -- Generating done
[0.868s] -- Build files have been written to: /home/hachiya/ros2_ws/build/person_msgs
[0.886s] [35m[1mScanning dependencies of target person_msgs__rosidl_generator_c[0m
[0.894s] [  2%] Built target person_msgs__cpp
[0.896s] [  7%] [32mBuilding C object CMakeFiles/person_msgs__rosidl_generator_c.dir/rosidl_generator_c/person_msgs/msg/detail/person__functions.c.o[0m
[0.896s] [  7%] [32mBuilding C object CMakeFiles/person_msgs__rosidl_generator_c.dir/rosidl_generator_c/person_msgs/srv/detail/query__functions.c.o[0m
[0.903s] [35m[1mScanning dependencies of target person_msgs__rosidl_typesupport_cpp[0m
[0.903s] [35m[1mScanning dependencies of target person_msgs__rosidl_typesupport_introspection_cpp[0m
[0.904s] [35m[1mScanning dependencies of target person_msgs__rosidl_typesupport_fastrtps_cpp[0m
[0.913s] [ 12%] [32mBuilding CXX object CMakeFiles/person_msgs__rosidl_typesupport_cpp.dir/rosidl_typesupport_cpp/person_msgs/msg/person__type_support.cpp.o[0m
[0.913s] [ 12%] [32mBuilding CXX object CMakeFiles/person_msgs__rosidl_typesupport_cpp.dir/rosidl_typesupport_cpp/person_msgs/srv/query__type_support.cpp.o[0m
[0.920s] [ 15%] [32mBuilding CXX object CMakeFiles/person_msgs__rosidl_typesupport_fastrtps_cpp.dir/rosidl_typesupport_fastrtps_cpp/person_msgs/msg/detail/dds_fastrtps/person__type_support.cpp.o[0m
[0.920s] [ 17%] [32mBuilding CXX object CMakeFiles/person_msgs__rosidl_typesupport_introspection_cpp.dir/rosidl_typesupport_introspection_cpp/person_msgs/msg/detail/person__type_support.cpp.o[0m
[0.920s] [ 20%] [32mBuilding CXX object CMakeFiles/person_msgs__rosidl_typesupport_introspection_cpp.dir/rosidl_typesupport_introspection_cpp/person_msgs/srv/detail/query__type_support.cpp.o[0m
[0.929s] [ 23%] [32mBuilding CXX object CMakeFiles/person_msgs__rosidl_typesupport_fastrtps_cpp.dir/rosidl_typesupport_fastrtps_cpp/person_msgs/srv/detail/dds_fastrtps/query__type_support.cpp.o[0m
[1.003s] [ 25%] [32m[1mLinking C shared library libperson_msgs__rosidl_generator_c.so[0m
[1.039s] [ 28%] Built target person_msgs__rosidl_generator_c
[1.052s] [35m[1mScanning dependencies of target person_msgs__rosidl_typesupport_c[0m
[1.064s] [ 30%] [32mBuilding CXX object CMakeFiles/person_msgs__rosidl_typesupport_c.dir/rosidl_typesupport_c/person_msgs/msg/person__type_support.cpp.o[0m
[1.090s] [35m[1mScanning dependencies of target person_msgs__rosidl_typesupport_introspection_c[0m
[1.098s] [ 33%] [32mBuilding CXX object CMakeFiles/person_msgs__rosidl_typesupport_c.dir/rosidl_typesupport_c/person_msgs/srv/query__type_support.cpp.o[0m
[1.129s] [ 35%] [32mBuilding C object CMakeFiles/person_msgs__rosidl_typesupport_introspection_c.dir/rosidl_typesupport_introspection_c/person_msgs/msg/detail/person__type_support.c.o[0m
[1.153s] [ 38%] [32m[1mLinking CXX shared library libperson_msgs__rosidl_typesupport_c.so[0m
[1.203s] [ 41%] Built target person_msgs__rosidl_typesupport_c
[1.205s] [ 43%] [32mBuilding C object CMakeFiles/person_msgs__rosidl_typesupport_introspection_c.dir/rosidl_typesupport_introspection_c/person_msgs/srv/detail/query__type_support.c.o[0m
[1.239s] [ 46%] [32m[1mLinking CXX shared library libperson_msgs__rosidl_typesupport_cpp.so[0m
[1.244s] [ 48%] [32m[1mLinking C shared library libperson_msgs__rosidl_typesupport_introspection_c.so[0m
[1.267s] [ 51%] Built target person_msgs__rosidl_typesupport_introspection_c
[1.280s] [ 53%] Built target person_msgs__rosidl_typesupport_cpp
[1.300s] [ 56%] [32m[1mLinking CXX shared library libperson_msgs__rosidl_typesupport_introspection_cpp.so[0m
[1.344s] [ 58%] Built target person_msgs__rosidl_typesupport_introspection_cpp
[1.353s] [ 61%] [32m[1mLinking CXX shared library libperson_msgs__rosidl_typesupport_fastrtps_cpp.so[0m
[1.403s] [ 64%] Built target person_msgs__rosidl_typesupport_fastrtps_cpp
[1.410s] [35m[1mScanning dependencies of target person_msgs__rosidl_typesupport_fastrtps_c[0m
[1.419s] [ 69%] [32mBuilding CXX object CMakeFiles/person_msgs__rosidl_typesupport_fastrtps_c.dir/rosidl_typesupport_fastrtps_c/person_msgs/srv/detail/query__type_support_c.cpp.o[0m
[1.419s] [ 66%] [32mBuilding CXX object CMakeFiles/person_msgs__rosidl_typesupport_fastrtps_c.dir/rosidl_typesupport_fastrtps_c/person_msgs/msg/detail/person__type_support_c.cpp.o[0m
[2.513s] [ 71%] [32m[1mLinking CXX shared library libperson_msgs__rosidl_typesupport_fastrtps_c.so[0m
[2.648s] [ 74%] Built target person_msgs__rosidl_typesupport_fastrtps_c
[2.668s] [ 74%] Built target person_msgs
[2.688s] [ 76%] Built target person_msgs__py
[2.698s] [35m[1mScanning dependencies of target person_msgs__python[0m
[2.713s] [ 82%] [32mBuilding C object CMakeFiles/person_msgs__python.dir/rosidl_generator_py/person_msgs/msg/_person_s.c.o[0m
[2.713s] [ 82%] [32mBuilding C object CMakeFiles/person_msgs__python.dir/rosidl_generator_py/person_msgs/srv/_query_s.c.o[0m
[2.789s] [ 84%] [32m[1mLinking C shared library rosidl_generator_py/person_msgs/libperson_msgs__python.so[0m
[2.819s] [ 84%] Built target person_msgs__python
[2.827s] [35m[1mScanning dependencies of target person_msgs__rosidl_typesupport_introspection_c__pyext[0m
[2.827s] [35m[1mScanning dependencies of target person_msgs__rosidl_typesupport_c__pyext[0m
[2.827s] [35m[1mScanning dependencies of target person_msgs__rosidl_typesupport_fastrtps_c__pyext[0m
[2.838s] [ 89%] [32mBuilding C object CMakeFiles/person_msgs__rosidl_typesupport_fastrtps_c__pyext.dir/rosidl_generator_py/person_msgs/_person_msgs_s.ep.rosidl_typesupport_fastrtps_c.c.o[0m
[2.838s] [ 89%] [32mBuilding C object CMakeFiles/person_msgs__rosidl_typesupport_introspection_c__pyext.dir/rosidl_generator_py/person_msgs/_person_msgs_s.ep.rosidl_typesupport_introspection_c.c.o[0m
[2.840s] [ 92%] [32mBuilding C object CMakeFiles/person_msgs__rosidl_typesupport_c__pyext.dir/rosidl_generator_py/person_msgs/_person_msgs_s.ep.rosidl_typesupport_c.c.o[0m
[2.899s] [ 94%] [32m[1mLinking C shared library rosidl_generator_py/person_msgs/person_msgs_s__rosidl_typesupport_introspection_c.cpython-38-x86_64-linux-gnu.so[0m
[2.900s] [100%] [32m[1mLinking C shared library rosidl_generator_py/person_msgs/person_msgs_s__rosidl_typesupport_c.cpython-38-x86_64-linux-gnu.so[0m
[2.900s] [100%] [32m[1mLinking CXX shared library rosidl_generator_py/person_msgs/person_msgs_s__rosidl_typesupport_fastrtps_c.cpython-38-x86_64-linux-gnu.so[0m
[2.923s] [100%] Built target person_msgs__rosidl_typesupport_c__pyext
[2.923s] [100%] Built target person_msgs__rosidl_typesupport_introspection_c__pyext
[2.943s] [100%] Built target person_msgs__rosidl_typesupport_fastrtps_c__pyext
[2.952s] Invoked command in '/home/hachiya/ros2_ws/build/person_msgs' returned '0': CMAKE_PREFIX_PATH=${CMAKE_PREFIX_PATH}:/home/hachiya/ros2_ws/install/mypkg:/opt/ros/foxy /usr/bin/cmake --build /home/hachiya/ros2_ws/build/person_msgs -- -j8 -l8
[2.997s] Invoking command in '/home/hachiya/ros2_ws/build/person_msgs': CMAKE_PREFIX_PATH=${CMAKE_PREFIX_PATH}:/home/hachiya/ros2_ws/install/mypkg:/opt/ros/foxy /usr/bin/cmake --install /home/hachiya/ros2_ws/build/person_msgs
[3.003s] -- Install configuration: ""
[3.003s] -- Up-to-date: /home/hachiya/ros2_ws/install/person_msgs/share/ament_index/resource_index/rosidl_interfaces/person_msgs
[3.003s] -- Up-to-date: /home/hachiya/ros2_ws/install/person_msgs/include/person_msgs
[3.003s] -- Up-to-date: /home/hachiya/ros2_ws/install/person_msgs/include/person_msgs/srv
[3.003s] -- Up-to-date: /home/hachiya/ros2_ws/install/person_msgs/include/person_msgs/srv/detail
[3.003s] -- Up-to-date: /home/hachiya/ros2_ws/install/person_msgs/include/person_msgs/srv/detail/query__type_support.h
[3.003s] -- Up-to-date: /home/hachiya/ros2_ws/install/person_msgs/include/person_msgs/srv/detail/query__struct.h
[3.003s] -- Up-to-date: /home/hachiya/ros2_ws/install/person_msgs/include/person_msgs/srv/detail/query__functions.h
[3.003s] -- Up-to-date: /home/hachiya/ros2_ws/install/person_msgs/include/person_msgs/srv/detail/query__functions.c
[3.003s] -- Up-to-date: /home/hachiya/ros2_ws/install/person_msgs/include/person_msgs/srv/query.h
[3.003s] -- Up-to-date: /home/hachiya/ros2_ws/install/person_msgs/include/person_msgs/msg
[3.003s] -- Up-to-date: /home/hachiya/ros2_ws/install/person_msgs/include/person_msgs/msg/detail
[3.003s] -- Up-to-date: /home/hachiya/ros2_ws/install/person_msgs/include/person_msgs/msg/detail/person__functions.h
[3.003s] -- Up-to-date: /home/hachiya/ros2_ws/install/person_msgs/include/person_msgs/msg/detail/person__functions.c
[3.003s] -- Up-to-date: /home/hachiya/ros2_ws/install/person_msgs/include/person_msgs/msg/detail/person__struct.h
[3.003s] -- Up-to-date: /home/hachiya/ros2_ws/install/person_msgs/include/person_msgs/msg/detail/person__type_support.h
[3.003s] -- Up-to-date: /home/hachiya/ros2_ws/install/person_msgs/include/person_msgs/msg/person.h
[3.003s] -- Up-to-date: /home/hachiya/ros2_ws/install/person_msgs/include/person_msgs/msg/rosidl_generator_c__visibility_control.h
[3.003s] -- Installing: /home/hachiya/ros2_ws/install/person_msgs/share/person_msgs/environment/library_path.sh
[3.003s] -- Installing: /home/hachiya/ros2_ws/install/person_msgs/share/person_msgs/environment/library_path.dsv
[3.003s] -- Installing: /home/hachiya/ros2_ws/install/person_msgs/lib/libperson_msgs__rosidl_generator_c.so
[3.003s] -- Set runtime path of "/home/hachiya/ros2_ws/install/person_msgs/lib/libperson_msgs__rosidl_generator_c.so" to ""
[3.003s] -- Up-to-date: /home/hachiya/ros2_ws/install/person_msgs/include/person_msgs
[3.004s] -- Up-to-date: /home/hachiya/ros2_ws/install/person_msgs/include/person_msgs/srv
[3.004s] -- Up-to-date: /home/hachiya/ros2_ws/install/person_msgs/include/person_msgs/srv/detail
[3.004s] -- Up-to-date: /home/hachiya/ros2_ws/install/person_msgs/include/person_msgs/srv/detail/query__rosidl_typesupport_fastrtps_c.h
[3.004s] -- Up-to-date: /home/hachiya/ros2_ws/install/person_msgs/include/person_msgs/msg
[3.004s] -- Up-to-date: /home/hachiya/ros2_ws/install/person_msgs/include/person_msgs/msg/detail
[3.004s] -- Up-to-date: /home/hachiya/ros2_ws/install/person_msgs/include/person_msgs/msg/detail/person__rosidl_typesupport_fastrtps_c.h
[3.004s] -- Up-to-date: /home/hachiya/ros2_ws/install/person_msgs/include/person_msgs/msg/rosidl_typesupport_fastrtps_c__visibility_control.h
[3.004s] -- Installing: /home/hachiya/ros2_ws/install/person_msgs/lib/libperson_msgs__rosidl_typesupport_fastrtps_c.so
[3.004s] -- Set runtime path of "/home/hachiya/ros2_ws/install/person_msgs/lib/libperson_msgs__rosidl_typesupport_fastrtps_c.so" to ""
[3.004s] -- Up-to-date: /home/hachiya/ros2_ws/install/person_msgs/include/person_msgs
[3.004s] -- Up-to-date: /home/hachiya/ros2_ws/install/person_msgs/include/person_msgs/srv
[3.004s] -- Up-to-date: /home/hachiya/ros2_ws/install/person_msgs/include/person_msgs/srv/detail
[3.004s] -- Up-to-date: /home/hachiya/ros2_ws/install/person_msgs/include/person_msgs/srv/detail/dds_fastrtps
[3.004s] -- Up-to-date: /home/hachiya/ros2_ws/install/person_msgs/include/person_msgs/srv/detail/query__rosidl_typesupport_fastrtps_cpp.hpp
[3.004s] -- Up-to-date: /home/hachiya/ros2_ws/install/person_msgs/include/person_msgs/msg
[3.004s] -- Up-to-date: /home/hachiya/ros2_ws/install/person_msgs/include/person_msgs/msg/detail
[3.004s] -- Up-to-date: /home/hachiya/ros2_ws/install/person_msgs/include/person_msgs/msg/detail/dds_fastrtps
[3.004s] -- Up-to-date: /home/hachiya/ros2_ws/install/person_msgs/include/person_msgs/msg/detail/person__rosidl_typesupport_fastrtps_cpp.hpp
[3.004s] -- Up-to-date: /home/hachiya/ros2_ws/install/person_msgs/include/person_msgs/msg/rosidl_typesupport_fastrtps_cpp__visibility_control.h
[3.004s] -- Installing: /home/hachiya/ros2_ws/install/person_msgs/lib/libperson_msgs__rosidl_typesupport_fastrtps_cpp.so
[3.004s] -- Set runtime path of "/home/hachiya/ros2_ws/install/person_msgs/lib/libperson_msgs__rosidl_typesupport_fastrtps_cpp.so" to ""
[3.004s] -- Up-to-date: /home/hachiya/ros2_ws/install/person_msgs/include/person_msgs
[3.005s] -- Up-to-date: /home/hachiya/ros2_ws/install/person_msgs/include/person_msgs/srv
[3.005s] -- Up-to-date: /home/hachiya/ros2_ws/install/person_msgs/include/person_msgs/srv/detail
[3.005s] -- Up-to-date: /home/hachiya/ros2_ws/install/person_msgs/include/person_msgs/srv/detail/query__type_support.c
[3.005s] -- Up-to-date: /home/hachiya/ros2_ws/install/person_msgs/include/person_msgs/srv/detail/query__rosidl_typesupport_introspection_c.h
[3.005s] -- Up-to-date: /home/hachiya/ros2_ws/install/person_msgs/include/person_msgs/msg
[3.005s] -- Up-to-date: /home/hachiya/ros2_ws/install/person_msgs/include/person_msgs/msg/detail
[3.005s] -- Up-to-date: /home/hachiya/ros2_ws/install/person_msgs/include/person_msgs/msg/detail/person__type_support.c
[3.005s] -- Up-to-date: /home/hachiya/ros2_ws/install/person_msgs/include/person_msgs/msg/detail/person__rosidl_typesupport_introspection_c.h
[3.005s] -- Up-to-date: /home/hachiya/ros2_ws/install/person_msgs/include/person_msgs/msg/rosidl_typesupport_introspection_c__visibility_control.h
[3.005s] -- Installing: /home/hachiya/ros2_ws/install/person_msgs/lib/libperson_msgs__rosidl_typesupport_introspection_c.so
[3.005s] -- Set runtime path of "/home/hachiya/ros2_ws/install/person_msgs/lib/libperson_msgs__rosidl_typesupport_introspection_c.so" to ""
[3.005s] -- Installing: /home/hachiya/ros2_ws/install/person_msgs/lib/libperson_msgs__rosidl_typesupport_c.so
[3.005s] -- Set runtime path of "/home/hachiya/ros2_ws/install/person_msgs/lib/libperson_msgs__rosidl_typesupport_c.so" to ""
[3.005s] -- Up-to-date: /home/hachiya/ros2_ws/install/person_msgs/include/person_msgs
[3.005s] -- Up-to-date: /home/hachiya/ros2_ws/install/person_msgs/include/person_msgs/srv
[3.005s] -- Up-to-date: /home/hachiya/ros2_ws/install/person_msgs/include/person_msgs/srv/query.hpp
[3.005s] -- Up-to-date: /home/hachiya/ros2_ws/install/person_msgs/include/person_msgs/srv/detail
[3.005s] -- Up-to-date: /home/hachiya/ros2_ws/install/person_msgs/include/person_msgs/srv/detail/query__builder.hpp
[3.005s] -- Up-to-date: /home/hachiya/ros2_ws/install/person_msgs/include/person_msgs/srv/detail/query__type_support.hpp
[3.005s] -- Up-to-date: /home/hachiya/ros2_ws/install/person_msgs/include/person_msgs/srv/detail/query__struct.hpp
[3.005s] -- Up-to-date: /home/hachiya/ros2_ws/install/person_msgs/include/person_msgs/srv/detail/query__traits.hpp
[3.006s] -- Up-to-date: /home/hachiya/ros2_ws/install/person_msgs/include/person_msgs/msg
[3.006s] -- Up-to-date: /home/hachiya/ros2_ws/install/person_msgs/include/person_msgs/msg/rosidl_generator_cpp__visibility_control.hpp
[3.006s] -- Up-to-date: /home/hachiya/ros2_ws/install/person_msgs/include/person_msgs/msg/detail
[3.006s] -- Up-to-date: /home/hachiya/ros2_ws/install/person_msgs/include/person_msgs/msg/detail/person__type_support.hpp
[3.006s] -- Up-to-date: /home/hachiya/ros2_ws/install/person_msgs/include/person_msgs/msg/detail/person__traits.hpp
[3.006s] -- Up-to-date: /home/hachiya/ros2_ws/install/person_msgs/include/person_msgs/msg/detail/person__builder.hpp
[3.006s] -- Up-to-date: /home/hachiya/ros2_ws/install/person_msgs/include/person_msgs/msg/detail/person__struct.hpp
[3.006s] -- Up-to-date: /home/hachiya/ros2_ws/install/person_msgs/include/person_msgs/msg/person.hpp
[3.006s] -- Up-to-date: /home/hachiya/ros2_ws/install/person_msgs/include/person_msgs
[3.006s] -- Up-to-date: /home/hachiya/ros2_ws/install/person_msgs/include/person_msgs/srv
[3.006s] -- Up-to-date: /home/hachiya/ros2_ws/install/person_msgs/include/person_msgs/srv/detail
[3.006s] -- Up-to-date: /home/hachiya/ros2_ws/install/person_msgs/include/person_msgs/srv/detail/query__rosidl_typesupport_introspection_cpp.hpp
[3.006s] -- Up-to-date: /home/hachiya/ros2_ws/install/person_msgs/include/person_msgs/srv/detail/query__type_support.cpp
[3.006s] -- Up-to-date: /home/hachiya/ros2_ws/install/person_msgs/include/person_msgs/msg
[3.006s] -- Up-to-date: /home/hachiya/ros2_ws/install/person_msgs/include/person_msgs/msg/detail
[3.006s] -- Up-to-date: /home/hachiya/ros2_ws/install/person_msgs/include/person_msgs/msg/detail/person__type_support.cpp
[3.006s] -- Up-to-date: /home/hachiya/ros2_ws/install/person_msgs/include/person_msgs/msg/detail/person__rosidl_typesupport_introspection_cpp.hpp
[3.006s] -- Installing: /home/hachiya/ros2_ws/install/person_msgs/lib/libperson_msgs__rosidl_typesupport_introspection_cpp.so
[3.006s] -- Set runtime path of "/home/hachiya/ros2_ws/install/person_msgs/lib/libperson_msgs__rosidl_typesupport_introspection_cpp.so" to ""
[3.006s] -- Installing: /home/hachiya/ros2_ws/install/person_msgs/lib/libperson_msgs__rosidl_typesupport_cpp.so
[3.006s] -- Set runtime path of "/home/hachiya/ros2_ws/install/person_msgs/lib/libperson_msgs__rosidl_typesupport_cpp.so" to ""
[3.006s] -- Up-to-date: /home/hachiya/ros2_ws/install/person_msgs/share/person_msgs/environment/pythonpath.sh
[3.006s] -- Installing: /home/hachiya/ros2_ws/install/person_msgs/share/person_msgs/environment/pythonpath.dsv
[3.006s] -- Installing: /home/hachiya/ros2_ws/install/person_msgs/lib/python3.8/site-packages/person_msgs/__init__.py
[3.027s] Compiling '/home/hachiya/ros2_ws/install/person_msgs/lib/python3.8/site-packages/person_msgs/__init__.py'...
[3.029s] -- Up-to-date: /home/hachiya/ros2_ws/install/person_msgs/lib/python3.8/site-packages/person_msgs/msg
[3.029s] -- Up-to-date: /home/hachiya/ros2_ws/install/person_msgs/lib/python3.8/site-packages/person_msgs/msg/__init__.py
[3.029s] -- Up-to-date: /home/hachiya/ros2_ws/install/person_msgs/lib/python3.8/site-packages/person_msgs/msg/_person.py
[3.029s] -- Up-to-date: /home/hachiya/ros2_ws/install/person_msgs/lib/python3.8/site-packages/person_msgs/msg/_person_s.c
[3.029s] -- Up-to-date: /home/hachiya/ros2_ws/install/person_msgs/lib/python3.8/site-packages/person_msgs/srv
[3.029s] -- Up-to-date: /home/hachiya/ros2_ws/install/person_msgs/lib/python3.8/site-packages/person_msgs/srv/_query.py
[3.029s] -- Up-to-date: /home/hachiya/ros2_ws/install/person_msgs/lib/python3.8/site-packages/person_msgs/srv/_query_s.c
[3.029s] -- Up-to-date: /home/hachiya/ros2_ws/install/person_msgs/lib/python3.8/site-packages/person_msgs/srv/__init__.py
[3.029s] -- Installing: /home/hachiya/ros2_ws/install/person_msgs/lib/python3.8/site-packages/person_msgs/person_msgs_s__rosidl_typesupport_fastrtps_c.cpython-38-x86_64-linux-gnu.so
[3.030s] -- Set runtime path of "/home/hachiya/ros2_ws/install/person_msgs/lib/python3.8/site-packages/person_msgs/person_msgs_s__rosidl_typesupport_fastrtps_c.cpython-38-x86_64-linux-gnu.so" to ""
[3.030s] -- Installing: /home/hachiya/ros2_ws/install/person_msgs/lib/python3.8/site-packages/person_msgs/person_msgs_s__rosidl_typesupport_introspection_c.cpython-38-x86_64-linux-gnu.so
[3.030s] -- Set runtime path of "/home/hachiya/ros2_ws/install/person_msgs/lib/python3.8/site-packages/person_msgs/person_msgs_s__rosidl_typesupport_introspection_c.cpython-38-x86_64-linux-gnu.so" to ""
[3.030s] -- Installing: /home/hachiya/ros2_ws/install/person_msgs/lib/python3.8/site-packages/person_msgs/person_msgs_s__rosidl_typesupport_c.cpython-38-x86_64-linux-gnu.so
[3.030s] -- Set runtime path of "/home/hachiya/ros2_ws/install/person_msgs/lib/python3.8/site-packages/person_msgs/person_msgs_s__rosidl_typesupport_c.cpython-38-x86_64-linux-gnu.so" to ""
[3.030s] -- Installing: /home/hachiya/ros2_ws/install/person_msgs/lib/libperson_msgs__python.so
[3.031s] -- Set runtime path of "/home/hachiya/ros2_ws/install/person_msgs/lib/libperson_msgs__python.so" to ""
[3.031s] -- Up-to-date: /home/hachiya/ros2_ws/install/person_msgs/share/person_msgs/msg/Person.idl
[3.031s] -- Up-to-date: /home/hachiya/ros2_ws/install/person_msgs/share/person_msgs/srv/Query.idl
[3.031s] -- Up-to-date: /home/hachiya/ros2_ws/install/person_msgs/share/person_msgs/msg/Person.msg
[3.031s] -- Up-to-date: /home/hachiya/ros2_ws/install/person_msgs/share/person_msgs/srv/Query.srv
[3.031s] -- Up-to-date: /home/hachiya/ros2_ws/install/person_msgs/share/person_msgs/srv/Query_Request.msg
[3.031s] -- Up-to-date: /home/hachiya/ros2_ws/install/person_msgs/share/person_msgs/srv/Query_Response.msg
[3.031s] -- Up-to-date: /home/hachiya/ros2_ws/install/person_msgs/share/ament_index/resource_index/package_run_dependencies/person_msgs
[3.031s] -- Up-to-date: /home/hachiya/ros2_ws/install/person_msgs/share/ament_index/resource_index/parent_prefix_path/person_msgs
[3.031s] -- Installing: /home/hachiya/ros2_ws/install/person_msgs/share/person_msgs/environment/ament_prefix_path.sh
[3.031s] -- Installing: /home/hachiya/ros2_ws/install/person_msgs/share/person_msgs/environment/ament_prefix_path.dsv
[3.031s] -- Installing: /home/hachiya/ros2_ws/install/person_msgs/share/person_msgs/environment/path.sh
[3.031s] -- Installing: /home/hachiya/ros2_ws/install/person_msgs/share/person_msgs/environment/path.dsv
[3.031s] -- Up-to-date: /home/hachiya/ros2_ws/install/person_msgs/share/person_msgs/local_setup.bash
[3.031s] -- Up-to-date: /home/hachiya/ros2_ws/install/person_msgs/share/person_msgs/local_setup.sh
[3.031s] -- Up-to-date: /home/hachiya/ros2_ws/install/person_msgs/share/person_msgs/local_setup.zsh
[3.032s] -- Installing: /home/hachiya/ros2_ws/install/person_msgs/share/person_msgs/local_setup.dsv
[3.032s] -- Installing: /home/hachiya/ros2_ws/install/person_msgs/share/person_msgs/package.dsv
[3.032s] -- Up-to-date: /home/hachiya/ros2_ws/install/person_msgs/share/ament_index/resource_index/packages/person_msgs
[3.032s] -- Up-to-date: /home/hachiya/ros2_ws/install/person_msgs/share/person_msgs/cmake/person_msgs__rosidl_generator_cExport.cmake
[3.032s] -- Installing: /home/hachiya/ros2_ws/install/person_msgs/share/person_msgs/cmake/person_msgs__rosidl_generator_cExport-noconfig.cmake
[3.032s] -- Up-to-date: /home/hachiya/ros2_ws/install/person_msgs/share/person_msgs/cmake/person_msgs__rosidl_typesupport_introspection_cExport.cmake
[3.032s] -- Installing: /home/hachiya/ros2_ws/install/person_msgs/share/person_msgs/cmake/person_msgs__rosidl_typesupport_introspection_cExport-noconfig.cmake
[3.032s] -- Up-to-date: /home/hachiya/ros2_ws/install/person_msgs/share/person_msgs/cmake/person_msgs__rosidl_typesupport_cExport.cmake
[3.032s] -- Installing: /home/hachiya/ros2_ws/install/person_msgs/share/person_msgs/cmake/person_msgs__rosidl_typesupport_cExport-noconfig.cmake
[3.032s] -- Up-to-date: /home/hachiya/ros2_ws/install/person_msgs/share/person_msgs/cmake/person_msgs__rosidl_generator_cppExport.cmake
[3.032s] -- Up-to-date: /home/hachiya/ros2_ws/install/person_msgs/share/person_msgs/cmake/person_msgs__rosidl_typesupport_introspection_cppExport.cmake
[3.032s] -- Installing: /home/hachiya/ros2_ws/install/person_msgs/share/person_msgs/cmake/person_msgs__rosidl_typesupport_introspection_cppExport-noconfig.cmake
[3.033s] -- Up-to-date: /home/hachiya/ros2_ws/install/person_msgs/share/person_msgs/cmake/person_msgs__rosidl_typesupport_cppExport.cmake
[3.033s] -- Installing: /home/hachiya/ros2_ws/install/person_msgs/share/person_msgs/cmake/person_msgs__rosidl_typesupport_cppExport-noconfig.cmake
[3.033s] -- Up-to-date: /home/hachiya/ros2_ws/install/person_msgs/share/person_msgs/cmake/rosidl_cmake-extras.cmake
[3.033s] -- Up-to-date: /home/hachiya/ros2_ws/install/person_msgs/share/person_msgs/cmake/ament_cmake_export_dependencies-extras.cmake
[3.033s] -- Up-to-date: /home/hachiya/ros2_ws/install/person_msgs/share/person_msgs/cmake/ament_cmake_export_libraries-extras.cmake
[3.033s] -- Up-to-date: /home/hachiya/ros2_ws/install/person_msgs/share/person_msgs/cmake/ament_cmake_export_targets-extras.cmake
[3.033s] -- Up-to-date: /home/hachiya/ros2_ws/install/person_msgs/share/person_msgs/cmake/ament_cmake_export_include_directories-extras.cmake
[3.033s] -- Up-to-date: /home/hachiya/ros2_ws/install/person_msgs/share/person_msgs/cmake/rosidl_cmake_export_typesupport_libraries-extras.cmake
[3.033s] -- Up-to-date: /home/hachiya/ros2_ws/install/person_msgs/share/person_msgs/cmake/rosidl_cmake_export_typesupport_targets-extras.cmake
[3.033s] -- Up-to-date: /home/hachiya/ros2_ws/install/person_msgs/share/person_msgs/cmake/person_msgsConfig.cmake
[3.033s] -- Up-to-date: /home/hachiya/ros2_ws/install/person_msgs/share/person_msgs/cmake/person_msgsConfig-version.cmake
[3.033s] -- Up-to-date: /home/hachiya/ros2_ws/install/person_msgs/share/person_msgs/package.xml
[3.035s] Invoked command in '/home/hachiya/ros2_ws/build/person_msgs' returned '0': CMAKE_PREFIX_PATH=${CMAKE_PREFIX_PATH}:/home/hachiya/ros2_ws/install/mypkg:/opt/ros/foxy /usr/bin/cmake --install /home/hachiya/ros2_ws/build/person_msgs
