[0.373s] Invoking command in '/home/hachiya/ros2_ws/build/person_msgs': CMAKE_PREFIX_PATH=${CMAKE_PREFIX_PATH}:/home/hachiya/ros2_ws/install/mypkg:/opt/ros/foxy /usr/bin/cmake --build /home/hachiya/ros2_ws/build/person_msgs -- -j8 -l8
[0.392s] -- Found ament_cmake: 0.9.12 (/opt/ros/foxy/share/ament_cmake/cmake)
[0.408s] -- Using PYTHON_EXECUTABLE: /usr/bin/python3
[0.528s] -- Found rosidl_default_generators: 1.0.1 (/opt/ros/foxy/share/rosidl_default_generators/cmake)
[0.529s] -- Using all available rosidl_typesupport_c: rosidl_typesupport_fastrtps_c;rosidl_typesupport_introspection_c
[0.531s] -- Found rosidl_adapter: 1.3.1 (/opt/ros/foxy/share/rosidl_adapter/cmake)
[0.620s] -- Using all available rosidl_typesupport_cpp: rosidl_typesupport_fastrtps_cpp;rosidl_typesupport_introspection_cpp
[0.651s] -- Found PythonInterp: /usr/bin/python3 (found version "3.8.10") 
[0.728s] -- Found ament_cmake_ros: 0.9.2 (/opt/ros/foxy/share/ament_cmake_ros/cmake)
[0.788s] -- Using all available rosidl_typesupport_c: rosidl_typesupport_fastrtps_c;rosidl_typesupport_introspection_c
[0.793s] -- Using all available rosidl_typesupport_cpp: rosidl_typesupport_fastrtps_cpp;rosidl_typesupport_introspection_cpp
[0.809s] -- Found PythonInterp: /usr/bin/python3 (found suitable version "3.8.10", minimum required is "3.5") 
[0.809s] -- Found python_cmake_module: 0.8.1 (/opt/ros/foxy/share/python_cmake_module/cmake)
[0.825s] -- Using PYTHON_EXECUTABLE: /usr/bin/python3
[0.825s] -- Using PYTHON_INCLUDE_DIRS: /usr/include/python3.8
[0.825s] -- Using PYTHON_LIBRARIES: /usr/lib/x86_64-linux-gnu/libpython3.8.so
[0.833s] -- Found ament_lint_auto: 0.9.8 (/opt/ros/foxy/share/ament_lint_auto/cmake)
[0.839s] -- Added test 'copyright' to check source files copyright and LICENSE
[0.840s] -- Added test 'lint_cmake' to check CMake code style
[0.840s] -- Added test 'xmllint' to check XML markup files
[0.843s] -- Configuring done
[0.862s] -- Generating done
[0.864s] -- Build files have been written to: /home/hachiya/ros2_ws/build/person_msgs
[0.882s] [  2%] [34m[1mGenerating C code for ROS interfaces[0m
[0.882s] [35m[1mScanning dependencies of target person_msgs__cpp[0m
[0.888s] [  5%] [34m[1mGenerating C++ code for ROS interfaces[0m
[1.084s] [  5%] Built target person_msgs__cpp
[1.084s] [35m[1mScanning dependencies of target person_msgs__rosidl_generator_c[0m
[1.091s] [  7%] [34m[1mGenerating C++ type support dispatch for ROS interfaces[0m
[1.091s] [ 10%] [34m[1mGenerating C++ type support for eProsima Fast-RTPS[0m
[1.093s] [ 12%] [34m[1mGenerating C++ introspection for ROS interfaces[0m
[1.093s] [ 15%] [32mBuilding C object CMakeFiles/person_msgs__rosidl_generator_c.dir/rosidl_generator_c/person_msgs/srv/detail/query__functions.c.o[0m
[1.095s] [ 17%] [32mBuilding C object CMakeFiles/person_msgs__rosidl_generator_c.dir/rosidl_generator_c/person_msgs/msg/detail/person__functions.c.o[0m
[1.153s] [ 20%] [32m[1mLinking C shared library libperson_msgs__rosidl_generator_c.so[0m
[1.177s] [ 20%] Built target person_msgs__rosidl_generator_c
[1.186s] [ 25%] [34m[1mGenerating C type support dispatch for ROS interfaces[0m
[1.186s] [ 25%] [34m[1mGenerating C introspection for ROS interfaces[0m
[1.279s] [35m[1mScanning dependencies of target person_msgs__rosidl_typesupport_cpp[0m
[1.292s] [ 30%] [32mBuilding CXX object CMakeFiles/person_msgs__rosidl_typesupport_cpp.dir/rosidl_typesupport_cpp/person_msgs/srv/query__type_support.cpp.o[0m
[1.292s] [ 30%] [32mBuilding CXX object CMakeFiles/person_msgs__rosidl_typesupport_cpp.dir/rosidl_typesupport_cpp/person_msgs/msg/person__type_support.cpp.o[0m
[1.368s] [35m[1mScanning dependencies of target person_msgs__rosidl_typesupport_introspection_cpp[0m
[1.377s] [35m[1mScanning dependencies of target person_msgs__rosidl_typesupport_fastrtps_cpp[0m
[1.382s] [ 33%] [32mBuilding CXX object CMakeFiles/person_msgs__rosidl_typesupport_introspection_cpp.dir/rosidl_typesupport_introspection_cpp/person_msgs/msg/detail/person__type_support.cpp.o[0m
[1.389s] [ 35%] [32mBuilding CXX object CMakeFiles/person_msgs__rosidl_typesupport_introspection_cpp.dir/rosidl_typesupport_introspection_cpp/person_msgs/srv/detail/query__type_support.cpp.o[0m
[1.402s] [ 38%] [32mBuilding CXX object CMakeFiles/person_msgs__rosidl_typesupport_fastrtps_cpp.dir/rosidl_typesupport_fastrtps_cpp/person_msgs/srv/detail/dds_fastrtps/query__type_support.cpp.o[0m
[1.403s] [ 41%] [32mBuilding CXX object CMakeFiles/person_msgs__rosidl_typesupport_fastrtps_cpp.dir/rosidl_typesupport_fastrtps_cpp/person_msgs/msg/detail/dds_fastrtps/person__type_support.cpp.o[0m
[1.414s] [35m[1mScanning dependencies of target person_msgs__rosidl_typesupport_c[0m
[1.474s] [ 43%] [32mBuilding CXX object CMakeFiles/person_msgs__rosidl_typesupport_c.dir/rosidl_typesupport_c/person_msgs/msg/person__type_support.cpp.o[0m
[1.523s] [ 46%] [32mBuilding CXX object CMakeFiles/person_msgs__rosidl_typesupport_c.dir/rosidl_typesupport_c/person_msgs/srv/query__type_support.cpp.o[0m
[1.536s] [35m[1mScanning dependencies of target person_msgs__rosidl_typesupport_introspection_c[0m
[1.570s] [ 48%] [32m[1mLinking CXX shared library libperson_msgs__rosidl_typesupport_c.so[0m
[1.578s] [ 51%] [32mBuilding C object CMakeFiles/person_msgs__rosidl_typesupport_introspection_c.dir/rosidl_typesupport_introspection_c/person_msgs/msg/detail/person__type_support.c.o[0m
[1.589s] [ 53%] [32mBuilding C object CMakeFiles/person_msgs__rosidl_typesupport_introspection_c.dir/rosidl_typesupport_introspection_c/person_msgs/srv/detail/query__type_support.c.o[0m
[1.618s] [ 56%] [32m[1mLinking CXX shared library libperson_msgs__rosidl_typesupport_cpp.so[0m
[1.624s] [ 56%] Built target person_msgs__rosidl_typesupport_c
[1.634s] [ 58%] [32m[1mLinking C shared library libperson_msgs__rosidl_typesupport_introspection_c.so[0m
[1.659s] [ 58%] Built target person_msgs__rosidl_typesupport_cpp
[1.667s] [ 58%] Built target person_msgs__rosidl_typesupport_introspection_c
[1.686s] [ 61%] [32m[1mLinking CXX shared library libperson_msgs__rosidl_typesupport_introspection_cpp.so[0m
[1.728s] [ 61%] Built target person_msgs__rosidl_typesupport_introspection_cpp
[1.791s] [ 64%] [32m[1mLinking CXX shared library libperson_msgs__rosidl_typesupport_fastrtps_cpp.so[0m
[1.841s] [ 64%] Built target person_msgs__rosidl_typesupport_fastrtps_cpp
[1.847s] [ 66%] [34m[1mGenerating C type support for eProsima Fast-RTPS[0m
[2.008s] [35m[1mScanning dependencies of target person_msgs__rosidl_typesupport_fastrtps_c[0m
[2.017s] [ 71%] [32mBuilding CXX object CMakeFiles/person_msgs__rosidl_typesupport_fastrtps_c.dir/rosidl_typesupport_fastrtps_c/person_msgs/msg/detail/person__type_support_c.cpp.o[0m
[2.017s] [ 71%] [32mBuilding CXX object CMakeFiles/person_msgs__rosidl_typesupport_fastrtps_c.dir/rosidl_typesupport_fastrtps_c/person_msgs/srv/detail/query__type_support_c.cpp.o[0m
[2.225s] [ 74%] [32m[1mLinking CXX shared library libperson_msgs__rosidl_typesupport_fastrtps_c.so[0m
[2.275s] [ 74%] Built target person_msgs__rosidl_typesupport_fastrtps_c
[2.288s] [ 74%] Built target person_msgs
[2.296s] [35m[1mScanning dependencies of target person_msgs__py[0m
[2.302s] [ 76%] [34m[1mGenerating Python code for ROS interfaces[0m
[2.608s] [ 76%] Built target person_msgs__py
[2.616s] [35m[1mScanning dependencies of target person_msgs__python[0m
[2.626s] [ 82%] [32mBuilding C object CMakeFiles/person_msgs__python.dir/rosidl_generator_py/person_msgs/srv/_query_s.c.o[0m
[2.626s] [ 82%] [32mBuilding C object CMakeFiles/person_msgs__python.dir/rosidl_generator_py/person_msgs/msg/_person_s.c.o[0m
[2.683s] [ 84%] [32m[1mLinking C shared library rosidl_generator_py/person_msgs/libperson_msgs__python.so[0m
[2.708s] [ 84%] Built target person_msgs__python
[2.715s] [35m[1mScanning dependencies of target person_msgs__rosidl_typesupport_introspection_c__pyext[0m
[2.715s] [35m[1mScanning dependencies of target person_msgs__rosidl_typesupport_fastrtps_c__pyext[0m
[2.715s] [35m[1mScanning dependencies of target person_msgs__rosidl_typesupport_c__pyext[0m
[2.725s] [ 89%] [32mBuilding C object CMakeFiles/person_msgs__rosidl_typesupport_c__pyext.dir/rosidl_generator_py/person_msgs/_person_msgs_s.ep.rosidl_typesupport_c.c.o[0m
[2.726s] [ 89%] [32mBuilding C object CMakeFiles/person_msgs__rosidl_typesupport_fastrtps_c__pyext.dir/rosidl_generator_py/person_msgs/_person_msgs_s.ep.rosidl_typesupport_fastrtps_c.c.o[0m
[2.727s] [ 92%] [32mBuilding C object CMakeFiles/person_msgs__rosidl_typesupport_introspection_c__pyext.dir/rosidl_generator_py/person_msgs/_person_msgs_s.ep.rosidl_typesupport_introspection_c.c.o[0m
[2.779s] [100%] [32m[1mLinking C shared library rosidl_generator_py/person_msgs/person_msgs_s__rosidl_typesupport_c.cpython-38-x86_64-linux-gnu.so[0m
[2.779s] [100%] [32m[1mLinking C shared library rosidl_generator_py/person_msgs/person_msgs_s__rosidl_typesupport_introspection_c.cpython-38-x86_64-linux-gnu.so[0m
[2.779s] [100%] [32m[1mLinking CXX shared library rosidl_generator_py/person_msgs/person_msgs_s__rosidl_typesupport_fastrtps_c.cpython-38-x86_64-linux-gnu.so[0m
[2.802s] [100%] Built target person_msgs__rosidl_typesupport_c__pyext
[2.802s] [100%] Built target person_msgs__rosidl_typesupport_introspection_c__pyext
[2.819s] [100%] Built target person_msgs__rosidl_typesupport_fastrtps_c__pyext
[2.827s] Invoked command in '/home/hachiya/ros2_ws/build/person_msgs' returned '0': CMAKE_PREFIX_PATH=${CMAKE_PREFIX_PATH}:/home/hachiya/ros2_ws/install/mypkg:/opt/ros/foxy /usr/bin/cmake --build /home/hachiya/ros2_ws/build/person_msgs -- -j8 -l8
[2.872s] Invoking command in '/home/hachiya/ros2_ws/build/person_msgs': CMAKE_PREFIX_PATH=${CMAKE_PREFIX_PATH}:/home/hachiya/ros2_ws/install/mypkg:/opt/ros/foxy /usr/bin/cmake --install /home/hachiya/ros2_ws/build/person_msgs
[2.877s] -- Install configuration: ""
[2.878s] -- Installing: /home/hachiya/ros2_ws/install/person_msgs/share/ament_index/resource_index/rosidl_interfaces/person_msgs
[2.878s] -- Up-to-date: /home/hachiya/ros2_ws/install/person_msgs/include/person_msgs
[2.878s] -- Installing: /home/hachiya/ros2_ws/install/person_msgs/include/person_msgs/srv
[2.878s] -- Installing: /home/hachiya/ros2_ws/install/person_msgs/include/person_msgs/srv/detail
[2.878s] -- Installing: /home/hachiya/ros2_ws/install/person_msgs/include/person_msgs/srv/detail/query__type_support.h
[2.878s] -- Installing: /home/hachiya/ros2_ws/install/person_msgs/include/person_msgs/srv/detail/query__struct.h
[2.878s] -- Installing: /home/hachiya/ros2_ws/install/person_msgs/include/person_msgs/srv/detail/query__functions.h
[2.878s] -- Installing: /home/hachiya/ros2_ws/install/person_msgs/include/person_msgs/srv/detail/query__functions.c
[2.878s] -- Installing: /home/hachiya/ros2_ws/install/person_msgs/include/person_msgs/srv/query.h
[2.878s] -- Up-to-date: /home/hachiya/ros2_ws/install/person_msgs/include/person_msgs/msg
[2.878s] -- Up-to-date: /home/hachiya/ros2_ws/install/person_msgs/include/person_msgs/msg/detail
[2.878s] -- Installing: /home/hachiya/ros2_ws/install/person_msgs/include/person_msgs/msg/detail/person__functions.h
[2.878s] -- Installing: /home/hachiya/ros2_ws/install/person_msgs/include/person_msgs/msg/detail/person__functions.c
[2.878s] -- Installing: /home/hachiya/ros2_ws/install/person_msgs/include/person_msgs/msg/detail/person__struct.h
[2.878s] -- Installing: /home/hachiya/ros2_ws/install/person_msgs/include/person_msgs/msg/detail/person__type_support.h
[2.878s] -- Installing: /home/hachiya/ros2_ws/install/person_msgs/include/person_msgs/msg/person.h
[2.878s] -- Up-to-date: /home/hachiya/ros2_ws/install/person_msgs/include/person_msgs/msg/rosidl_generator_c__visibility_control.h
[2.878s] -- Up-to-date: /home/hachiya/ros2_ws/install/person_msgs/share/person_msgs/environment/library_path.sh
[2.878s] -- Installing: /home/hachiya/ros2_ws/install/person_msgs/share/person_msgs/environment/library_path.dsv
[2.878s] -- Installing: /home/hachiya/ros2_ws/install/person_msgs/lib/libperson_msgs__rosidl_generator_c.so
[2.879s] -- Set runtime path of "/home/hachiya/ros2_ws/install/person_msgs/lib/libperson_msgs__rosidl_generator_c.so" to ""
[2.879s] -- Up-to-date: /home/hachiya/ros2_ws/install/person_msgs/include/person_msgs
[2.879s] -- Up-to-date: /home/hachiya/ros2_ws/install/person_msgs/include/person_msgs/srv
[2.879s] -- Up-to-date: /home/hachiya/ros2_ws/install/person_msgs/include/person_msgs/srv/detail
[2.879s] -- Installing: /home/hachiya/ros2_ws/install/person_msgs/include/person_msgs/srv/detail/query__rosidl_typesupport_fastrtps_c.h
[2.879s] -- Up-to-date: /home/hachiya/ros2_ws/install/person_msgs/include/person_msgs/msg
[2.879s] -- Up-to-date: /home/hachiya/ros2_ws/install/person_msgs/include/person_msgs/msg/detail
[2.879s] -- Installing: /home/hachiya/ros2_ws/install/person_msgs/include/person_msgs/msg/detail/person__rosidl_typesupport_fastrtps_c.h
[2.879s] -- Up-to-date: /home/hachiya/ros2_ws/install/person_msgs/include/person_msgs/msg/rosidl_typesupport_fastrtps_c__visibility_control.h
[2.879s] -- Installing: /home/hachiya/ros2_ws/install/person_msgs/lib/libperson_msgs__rosidl_typesupport_fastrtps_c.so
[2.879s] -- Set runtime path of "/home/hachiya/ros2_ws/install/person_msgs/lib/libperson_msgs__rosidl_typesupport_fastrtps_c.so" to ""
[2.879s] -- Up-to-date: /home/hachiya/ros2_ws/install/person_msgs/include/person_msgs
[2.879s] -- Up-to-date: /home/hachiya/ros2_ws/install/person_msgs/include/person_msgs/srv
[2.879s] -- Up-to-date: /home/hachiya/ros2_ws/install/person_msgs/include/person_msgs/srv/detail
[2.879s] -- Installing: /home/hachiya/ros2_ws/install/person_msgs/include/person_msgs/srv/detail/dds_fastrtps
[2.879s] -- Installing: /home/hachiya/ros2_ws/install/person_msgs/include/person_msgs/srv/detail/query__rosidl_typesupport_fastrtps_cpp.hpp
[2.879s] -- Up-to-date: /home/hachiya/ros2_ws/install/person_msgs/include/person_msgs/msg
[2.879s] -- Up-to-date: /home/hachiya/ros2_ws/install/person_msgs/include/person_msgs/msg/detail
[2.880s] -- Up-to-date: /home/hachiya/ros2_ws/install/person_msgs/include/person_msgs/msg/detail/dds_fastrtps
[2.880s] -- Installing: /home/hachiya/ros2_ws/install/person_msgs/include/person_msgs/msg/detail/person__rosidl_typesupport_fastrtps_cpp.hpp
[2.880s] -- Up-to-date: /home/hachiya/ros2_ws/install/person_msgs/include/person_msgs/msg/rosidl_typesupport_fastrtps_cpp__visibility_control.h
[2.880s] -- Installing: /home/hachiya/ros2_ws/install/person_msgs/lib/libperson_msgs__rosidl_typesupport_fastrtps_cpp.so
[2.880s] -- Set runtime path of "/home/hachiya/ros2_ws/install/person_msgs/lib/libperson_msgs__rosidl_typesupport_fastrtps_cpp.so" to ""
[2.880s] -- Up-to-date: /home/hachiya/ros2_ws/install/person_msgs/include/person_msgs
[2.880s] -- Up-to-date: /home/hachiya/ros2_ws/install/person_msgs/include/person_msgs/srv
[2.880s] -- Up-to-date: /home/hachiya/ros2_ws/install/person_msgs/include/person_msgs/srv/detail
[2.880s] -- Installing: /home/hachiya/ros2_ws/install/person_msgs/include/person_msgs/srv/detail/query__type_support.c
[2.880s] -- Installing: /home/hachiya/ros2_ws/install/person_msgs/include/person_msgs/srv/detail/query__rosidl_typesupport_introspection_c.h
[2.880s] -- Up-to-date: /home/hachiya/ros2_ws/install/person_msgs/include/person_msgs/msg
[2.880s] -- Up-to-date: /home/hachiya/ros2_ws/install/person_msgs/include/person_msgs/msg/detail
[2.880s] -- Installing: /home/hachiya/ros2_ws/install/person_msgs/include/person_msgs/msg/detail/person__type_support.c
[2.880s] -- Installing: /home/hachiya/ros2_ws/install/person_msgs/include/person_msgs/msg/detail/person__rosidl_typesupport_introspection_c.h
[2.880s] -- Up-to-date: /home/hachiya/ros2_ws/install/person_msgs/include/person_msgs/msg/rosidl_typesupport_introspection_c__visibility_control.h
[2.881s] -- Installing: /home/hachiya/ros2_ws/install/person_msgs/lib/libperson_msgs__rosidl_typesupport_introspection_c.so
[2.881s] -- Set runtime path of "/home/hachiya/ros2_ws/install/person_msgs/lib/libperson_msgs__rosidl_typesupport_introspection_c.so" to ""
[2.881s] -- Installing: /home/hachiya/ros2_ws/install/person_msgs/lib/libperson_msgs__rosidl_typesupport_c.so
[2.882s] -- Set runtime path of "/home/hachiya/ros2_ws/install/person_msgs/lib/libperson_msgs__rosidl_typesupport_c.so" to ""
[2.882s] -- Up-to-date: /home/hachiya/ros2_ws/install/person_msgs/include/person_msgs
[2.882s] -- Up-to-date: /home/hachiya/ros2_ws/install/person_msgs/include/person_msgs/srv
[2.882s] -- Installing: /home/hachiya/ros2_ws/install/person_msgs/include/person_msgs/srv/query.hpp
[2.882s] -- Up-to-date: /home/hachiya/ros2_ws/install/person_msgs/include/person_msgs/srv/detail
[2.882s] -- Installing: /home/hachiya/ros2_ws/install/person_msgs/include/person_msgs/srv/detail/query__builder.hpp
[2.882s] -- Installing: /home/hachiya/ros2_ws/install/person_msgs/include/person_msgs/srv/detail/query__type_support.hpp
[2.882s] -- Installing: /home/hachiya/ros2_ws/install/person_msgs/include/person_msgs/srv/detail/query__struct.hpp
[2.882s] -- Installing: /home/hachiya/ros2_ws/install/person_msgs/include/person_msgs/srv/detail/query__traits.hpp
[2.882s] -- Up-to-date: /home/hachiya/ros2_ws/install/person_msgs/include/person_msgs/msg
[2.882s] -- Up-to-date: /home/hachiya/ros2_ws/install/person_msgs/include/person_msgs/msg/rosidl_generator_cpp__visibility_control.hpp
[2.882s] -- Up-to-date: /home/hachiya/ros2_ws/install/person_msgs/include/person_msgs/msg/detail
[2.882s] -- Installing: /home/hachiya/ros2_ws/install/person_msgs/include/person_msgs/msg/detail/person__type_support.hpp
[2.882s] -- Installing: /home/hachiya/ros2_ws/install/person_msgs/include/person_msgs/msg/detail/person__traits.hpp
[2.882s] -- Installing: /home/hachiya/ros2_ws/install/person_msgs/include/person_msgs/msg/detail/person__builder.hpp
[2.882s] -- Installing: /home/hachiya/ros2_ws/install/person_msgs/include/person_msgs/msg/detail/person__struct.hpp
[2.882s] -- Installing: /home/hachiya/ros2_ws/install/person_msgs/include/person_msgs/msg/person.hpp
[2.882s] -- Up-to-date: /home/hachiya/ros2_ws/install/person_msgs/include/person_msgs
[2.882s] -- Up-to-date: /home/hachiya/ros2_ws/install/person_msgs/include/person_msgs/srv
[2.882s] -- Up-to-date: /home/hachiya/ros2_ws/install/person_msgs/include/person_msgs/srv/detail
[2.882s] -- Installing: /home/hachiya/ros2_ws/install/person_msgs/include/person_msgs/srv/detail/query__rosidl_typesupport_introspection_cpp.hpp
[2.882s] -- Installing: /home/hachiya/ros2_ws/install/person_msgs/include/person_msgs/srv/detail/query__type_support.cpp
[2.883s] -- Up-to-date: /home/hachiya/ros2_ws/install/person_msgs/include/person_msgs/msg
[2.883s] -- Up-to-date: /home/hachiya/ros2_ws/install/person_msgs/include/person_msgs/msg/detail
[2.883s] -- Installing: /home/hachiya/ros2_ws/install/person_msgs/include/person_msgs/msg/detail/person__type_support.cpp
[2.883s] -- Installing: /home/hachiya/ros2_ws/install/person_msgs/include/person_msgs/msg/detail/person__rosidl_typesupport_introspection_cpp.hpp
[2.883s] -- Installing: /home/hachiya/ros2_ws/install/person_msgs/lib/libperson_msgs__rosidl_typesupport_introspection_cpp.so
[2.883s] -- Set runtime path of "/home/hachiya/ros2_ws/install/person_msgs/lib/libperson_msgs__rosidl_typesupport_introspection_cpp.so" to ""
[2.883s] -- Installing: /home/hachiya/ros2_ws/install/person_msgs/lib/libperson_msgs__rosidl_typesupport_cpp.so
[2.883s] -- Set runtime path of "/home/hachiya/ros2_ws/install/person_msgs/lib/libperson_msgs__rosidl_typesupport_cpp.so" to ""
[2.883s] -- Up-to-date: /home/hachiya/ros2_ws/install/person_msgs/share/person_msgs/environment/pythonpath.sh
[2.883s] -- Installing: /home/hachiya/ros2_ws/install/person_msgs/share/person_msgs/environment/pythonpath.dsv
[2.883s] -- Installing: /home/hachiya/ros2_ws/install/person_msgs/lib/python3.8/site-packages/person_msgs/__init__.py
[2.901s] Compiling '/home/hachiya/ros2_ws/install/person_msgs/lib/python3.8/site-packages/person_msgs/__init__.py'...
[2.904s] -- Up-to-date: /home/hachiya/ros2_ws/install/person_msgs/lib/python3.8/site-packages/person_msgs/msg
[2.904s] -- Installing: /home/hachiya/ros2_ws/install/person_msgs/lib/python3.8/site-packages/person_msgs/msg/__init__.py
[2.904s] -- Installing: /home/hachiya/ros2_ws/install/person_msgs/lib/python3.8/site-packages/person_msgs/msg/_person.py
[2.904s] -- Installing: /home/hachiya/ros2_ws/install/person_msgs/lib/python3.8/site-packages/person_msgs/msg/_person_s.c
[2.904s] -- Installing: /home/hachiya/ros2_ws/install/person_msgs/lib/python3.8/site-packages/person_msgs/srv
[2.904s] -- Installing: /home/hachiya/ros2_ws/install/person_msgs/lib/python3.8/site-packages/person_msgs/srv/_query.py
[2.904s] -- Installing: /home/hachiya/ros2_ws/install/person_msgs/lib/python3.8/site-packages/person_msgs/srv/_query_s.c
[2.904s] -- Installing: /home/hachiya/ros2_ws/install/person_msgs/lib/python3.8/site-packages/person_msgs/srv/__init__.py
[2.905s] -- Installing: /home/hachiya/ros2_ws/install/person_msgs/lib/python3.8/site-packages/person_msgs/person_msgs_s__rosidl_typesupport_fastrtps_c.cpython-38-x86_64-linux-gnu.so
[2.905s] -- Set runtime path of "/home/hachiya/ros2_ws/install/person_msgs/lib/python3.8/site-packages/person_msgs/person_msgs_s__rosidl_typesupport_fastrtps_c.cpython-38-x86_64-linux-gnu.so" to ""
[2.905s] -- Installing: /home/hachiya/ros2_ws/install/person_msgs/lib/python3.8/site-packages/person_msgs/person_msgs_s__rosidl_typesupport_introspection_c.cpython-38-x86_64-linux-gnu.so
[2.906s] -- Set runtime path of "/home/hachiya/ros2_ws/install/person_msgs/lib/python3.8/site-packages/person_msgs/person_msgs_s__rosidl_typesupport_introspection_c.cpython-38-x86_64-linux-gnu.so" to ""
[2.906s] -- Installing: /home/hachiya/ros2_ws/install/person_msgs/lib/python3.8/site-packages/person_msgs/person_msgs_s__rosidl_typesupport_c.cpython-38-x86_64-linux-gnu.so
[2.906s] -- Set runtime path of "/home/hachiya/ros2_ws/install/person_msgs/lib/python3.8/site-packages/person_msgs/person_msgs_s__rosidl_typesupport_c.cpython-38-x86_64-linux-gnu.so" to ""
[2.906s] -- Installing: /home/hachiya/ros2_ws/install/person_msgs/lib/libperson_msgs__python.so
[2.907s] -- Set runtime path of "/home/hachiya/ros2_ws/install/person_msgs/lib/libperson_msgs__python.so" to ""
[2.907s] -- Up-to-date: /home/hachiya/ros2_ws/install/person_msgs/share/person_msgs/msg/Person.idl
[2.907s] -- Installing: /home/hachiya/ros2_ws/install/person_msgs/share/person_msgs/srv/Query.idl
[2.907s] -- Up-to-date: /home/hachiya/ros2_ws/install/person_msgs/share/person_msgs/msg/Person.msg
[2.907s] -- Installing: /home/hachiya/ros2_ws/install/person_msgs/share/person_msgs/srv/Query.srv
[2.907s] -- Installing: /home/hachiya/ros2_ws/install/person_msgs/share/person_msgs/srv/Query_Request.msg
[2.907s] -- Installing: /home/hachiya/ros2_ws/install/person_msgs/share/person_msgs/srv/Query_Response.msg
[2.908s] -- Up-to-date: /home/hachiya/ros2_ws/install/person_msgs/share/ament_index/resource_index/package_run_dependencies/person_msgs
[2.908s] -- Installing: /home/hachiya/ros2_ws/install/person_msgs/share/ament_index/resource_index/parent_prefix_path/person_msgs
[2.908s] -- Up-to-date: /home/hachiya/ros2_ws/install/person_msgs/share/person_msgs/environment/ament_prefix_path.sh
[2.908s] -- Installing: /home/hachiya/ros2_ws/install/person_msgs/share/person_msgs/environment/ament_prefix_path.dsv
[2.908s] -- Up-to-date: /home/hachiya/ros2_ws/install/person_msgs/share/person_msgs/environment/path.sh
[2.908s] -- Installing: /home/hachiya/ros2_ws/install/person_msgs/share/person_msgs/environment/path.dsv
[2.908s] -- Up-to-date: /home/hachiya/ros2_ws/install/person_msgs/share/person_msgs/local_setup.bash
[2.908s] -- Up-to-date: /home/hachiya/ros2_ws/install/person_msgs/share/person_msgs/local_setup.sh
[2.908s] -- Up-to-date: /home/hachiya/ros2_ws/install/person_msgs/share/person_msgs/local_setup.zsh
[2.908s] -- Installing: /home/hachiya/ros2_ws/install/person_msgs/share/person_msgs/local_setup.dsv
[2.908s] -- Installing: /home/hachiya/ros2_ws/install/person_msgs/share/person_msgs/package.dsv
[2.909s] -- Up-to-date: /home/hachiya/ros2_ws/install/person_msgs/share/ament_index/resource_index/packages/person_msgs
[2.909s] -- Up-to-date: /home/hachiya/ros2_ws/install/person_msgs/share/person_msgs/cmake/person_msgs__rosidl_generator_cExport.cmake
[2.909s] -- Installing: /home/hachiya/ros2_ws/install/person_msgs/share/person_msgs/cmake/person_msgs__rosidl_generator_cExport-noconfig.cmake
[2.909s] -- Up-to-date: /home/hachiya/ros2_ws/install/person_msgs/share/person_msgs/cmake/person_msgs__rosidl_typesupport_introspection_cExport.cmake
[2.909s] -- Installing: /home/hachiya/ros2_ws/install/person_msgs/share/person_msgs/cmake/person_msgs__rosidl_typesupport_introspection_cExport-noconfig.cmake
[2.909s] -- Up-to-date: /home/hachiya/ros2_ws/install/person_msgs/share/person_msgs/cmake/person_msgs__rosidl_typesupport_cExport.cmake
[2.909s] -- Installing: /home/hachiya/ros2_ws/install/person_msgs/share/person_msgs/cmake/person_msgs__rosidl_typesupport_cExport-noconfig.cmake
[2.910s] -- Up-to-date: /home/hachiya/ros2_ws/install/person_msgs/share/person_msgs/cmake/person_msgs__rosidl_generator_cppExport.cmake
[2.910s] -- Up-to-date: /home/hachiya/ros2_ws/install/person_msgs/share/person_msgs/cmake/person_msgs__rosidl_typesupport_introspection_cppExport.cmake
[2.910s] -- Installing: /home/hachiya/ros2_ws/install/person_msgs/share/person_msgs/cmake/person_msgs__rosidl_typesupport_introspection_cppExport-noconfig.cmake
[2.910s] -- Up-to-date: /home/hachiya/ros2_ws/install/person_msgs/share/person_msgs/cmake/person_msgs__rosidl_typesupport_cppExport.cmake
[2.910s] -- Installing: /home/hachiya/ros2_ws/install/person_msgs/share/person_msgs/cmake/person_msgs__rosidl_typesupport_cppExport-noconfig.cmake
[2.910s] -- Installing: /home/hachiya/ros2_ws/install/person_msgs/share/person_msgs/cmake/rosidl_cmake-extras.cmake
[2.910s] -- Up-to-date: /home/hachiya/ros2_ws/install/person_msgs/share/person_msgs/cmake/ament_cmake_export_dependencies-extras.cmake
[2.910s] -- Up-to-date: /home/hachiya/ros2_ws/install/person_msgs/share/person_msgs/cmake/ament_cmake_export_libraries-extras.cmake
[2.911s] -- Up-to-date: /home/hachiya/ros2_ws/install/person_msgs/share/person_msgs/cmake/ament_cmake_export_targets-extras.cmake
[2.911s] -- Up-to-date: /home/hachiya/ros2_ws/install/person_msgs/share/person_msgs/cmake/ament_cmake_export_include_directories-extras.cmake
[2.911s] -- Up-to-date: /home/hachiya/ros2_ws/install/person_msgs/share/person_msgs/cmake/rosidl_cmake_export_typesupport_libraries-extras.cmake
[2.911s] -- Up-to-date: /home/hachiya/ros2_ws/install/person_msgs/share/person_msgs/cmake/rosidl_cmake_export_typesupport_targets-extras.cmake
[2.911s] -- Up-to-date: /home/hachiya/ros2_ws/install/person_msgs/share/person_msgs/cmake/person_msgsConfig.cmake
[2.911s] -- Up-to-date: /home/hachiya/ros2_ws/install/person_msgs/share/person_msgs/cmake/person_msgsConfig-version.cmake
[2.911s] -- Up-to-date: /home/hachiya/ros2_ws/install/person_msgs/share/person_msgs/package.xml
[2.914s] Invoked command in '/home/hachiya/ros2_ws/build/person_msgs' returned '0': CMAKE_PREFIX_PATH=${CMAKE_PREFIX_PATH}:/home/hachiya/ros2_ws/install/mypkg:/opt/ros/foxy /usr/bin/cmake --install /home/hachiya/ros2_ws/build/person_msgs
