[0.791s] Invoking command in '/home/hachiya/ros2_ws/src/mypkg': PYTHONPATH=/home/hachiya/ros2_ws/build/mypkg/prefix_override:/home/hachiya/ros2_ws/install/mypkg/lib/python3.8/site-packages:${PYTHONPATH} /usr/bin/python3 setup.py egg_info --egg-base ../../build/mypkg build --build-base /home/hachiya/ros2_ws/build/mypkg/build install --record /home/hachiya/ros2_ws/build/mypkg/install.log --install-scripts $base/lib/mypkg --single-version-externally-managed
[0.925s] running egg_info
[0.925s] writing ../../build/mypkg/mypkg.egg-info/PKG-INFO
[0.925s] writing dependency_links to ../../build/mypkg/mypkg.egg-info/dependency_links.txt
[0.926s] writing entry points to ../../build/mypkg/mypkg.egg-info/entry_points.txt
[0.926s] writing requirements to ../../build/mypkg/mypkg.egg-info/requires.txt
[0.926s] writing top-level names to ../../build/mypkg/mypkg.egg-info/top_level.txt
[0.948s] reading manifest file '../../build/mypkg/mypkg.egg-info/SOURCES.txt'
[0.949s] writing manifest file '../../build/mypkg/mypkg.egg-info/SOURCES.txt'
[0.949s] running build
[0.949s] running build_py
[0.949s] running install
[0.949s] running install_lib
[0.950s] running install_data
[0.951s] running install_egg_info
[0.952s] removing '/home/hachiya/ros2_ws/install/mypkg/lib/python3.8/site-packages/mypkg-0.0.0-py3.8.egg-info' (and everything under it)
[0.952s] Copying ../../build/mypkg/mypkg.egg-info to /home/hachiya/ros2_ws/install/mypkg/lib/python3.8/site-packages/mypkg-0.0.0-py3.8.egg-info
[0.953s] running install_scripts
[0.963s] Installing listener script to /home/hachiya/ros2_ws/install/mypkg/lib/mypkg
[0.963s] Installing talker script to /home/hachiya/ros2_ws/install/mypkg/lib/mypkg
[0.964s] writing list of installed files to '/home/hachiya/ros2_ws/build/mypkg/install.log'
[0.979s] Invoked command in '/home/hachiya/ros2_ws/src/mypkg' returned '0': PYTHONPATH=/home/hachiya/ros2_ws/build/mypkg/prefix_override:/home/hachiya/ros2_ws/install/mypkg/lib/python3.8/site-packages:${PYTHONPATH} /usr/bin/python3 setup.py egg_info --egg-base ../../build/mypkg build --build-base /home/hachiya/ros2_ws/build/mypkg/build install --record /home/hachiya/ros2_ws/build/mypkg/install.log --install-scripts $base/lib/mypkg --single-version-externally-managed
